2025-02-04 13:29:53,908:INFO: Model type: 'DeBERTa-MRC'
2025-02-04 13:29:53,908:INFO: device: cuda
2025-02-04 13:29:53,908:INFO: Init pre-train model...
2025-02-04 13:29:58,211:INFO: -done
2025-02-04 13:29:58,212:INFO: Starting training for 30 epoch(s)
2025-02-04 13:30:00,041:INFO: Epoch 1/30
2025-02-04 13:39:39,817:INFO: Model type: 'DeBERTa-MRC'
2025-02-04 13:39:39,817:INFO: device: cuda
2025-02-04 13:39:39,817:INFO: Init pre-train model...
2025-02-04 13:39:44,404:INFO: -done
2025-02-04 13:39:44,404:INFO: Starting training for 30 epoch(s)
2025-02-04 13:39:46,072:INFO: Epoch 1/30
2025-02-04 13:41:43,036:INFO: Model type: 'DeBERTa-MRC'
2025-02-04 13:41:43,037:INFO: device: cuda
2025-02-04 13:41:43,037:INFO: Init pre-train model...
2025-02-04 13:41:49,402:INFO: -done
2025-02-04 13:41:49,402:INFO: Starting training for 30 epoch(s)
2025-02-04 13:41:51,115:INFO: Epoch 1/30
2025-02-04 13:42:51,536:INFO: Model type: 'DeBERTa-MRC'
2025-02-04 13:42:51,536:INFO: device: cuda
2025-02-04 13:42:51,536:INFO: Init pre-train model...
2025-02-04 13:42:56,566:INFO: -done
2025-02-04 13:42:56,566:INFO: Starting training for 30 epoch(s)
2025-02-04 13:42:58,206:INFO: Epoch 1/30
2025-02-04 13:45:36,548:INFO: Model type: 'DeBERTa-MRC'
2025-02-04 13:45:36,548:INFO: device: cuda
2025-02-04 13:45:36,548:INFO: Init pre-train model...
2025-02-04 13:45:41,025:INFO: -done
2025-02-04 13:45:41,026:INFO: Starting training for 30 epoch(s)
2025-02-04 13:45:42,686:INFO: Epoch 1/30
2025-02-04 13:46:57,168:INFO: Model type: 'DeBERTa-MRC'
2025-02-04 13:46:57,168:INFO: device: cuda
2025-02-04 13:46:57,168:INFO: Init pre-train model...
2025-02-04 13:47:03,043:INFO: -done
2025-02-04 13:47:03,043:INFO: Starting training for 30 epoch(s)
2025-02-04 13:47:04,788:INFO: Epoch 1/30
2025-02-04 13:48:38,040:INFO: Model type: 'DeBERTa-MRC'
2025-02-04 13:48:38,040:INFO: device: cuda
2025-02-04 13:48:38,040:INFO: Init pre-train model...
2025-02-04 13:48:42,501:INFO: -done
2025-02-04 13:48:42,501:INFO: Starting training for 30 epoch(s)
2025-02-04 13:48:44,180:INFO: Epoch 1/30
2025-02-04 13:48:44,180:INFO: 当前学习率: 0.0
2025-02-04 13:50:01,265:INFO: Model type: 'DeBERTa-MRC'
2025-02-04 13:50:01,265:INFO: device: cuda
2025-02-04 13:50:01,265:INFO: Init pre-train model...
2025-02-04 13:50:06,096:INFO: -done
2025-02-04 13:50:06,097:INFO: Starting training for 30 epoch(s)
2025-02-04 13:50:07,928:INFO: Epoch 1/30
2025-02-04 13:50:07,928:INFO: 当前学习率: 0.0
2025-02-04 13:56:44,237:INFO: Model type: 'DeBERTa-MRC'
2025-02-04 13:56:44,238:INFO: device: cuda
2025-02-04 13:56:44,238:INFO: Init pre-train model...
2025-02-04 13:56:49,370:INFO: -done
2025-02-04 13:56:49,370:INFO: Starting training for 30 epoch(s)
2025-02-04 13:56:49,554:INFO: 从缓存加载train数据: /root/mrc_ner/PreModel---/PreModel_MRC/data/train.cache.128
2025-02-04 13:56:50,368:INFO: 最终得到17777个特征
2025-02-04 13:56:50,375:INFO: 从缓存加载val数据: /root/mrc_ner/PreModel---/PreModel_MRC/data/val.cache.128
2025-02-04 13:56:50,458:INFO: 最终得到1942个特征
2025-02-04 13:56:51,037:INFO: Epoch 1/30
2025-02-04 13:56:51,037:INFO: 当前学习率: 0.0
2025-02-04 14:02:52,767:INFO: - Val metrics: loss: 63.51; f1: 00.32; acc: 00.76
2025-02-04 14:02:52,848:INFO:              precision    recall  f1-score   support

       解剖部位       1.01      3.76      1.60       452
      疾病和诊断       0.16      0.89      0.27       224
      实验室检验       0.00      0.00      0.00        96
         药物       0.08      1.30      0.15        77
       影像检查       0.00      0.00      0.00        46
         手术       0.00      0.00      0.00        70

avg / total       0.52      2.07      0.82       965

2025-02-04 14:02:58,955:INFO: - 找到新的最佳F1分数: 0.3244
2025-02-04 14:02:58,955:INFO: Epoch 2/30
2025-02-04 14:02:58,955:INFO: 当前学习率: 6.666666666666667e-06
2025-02-04 14:06:51,656:INFO: Model type: 'DeBERTa-MRC'
2025-02-04 14:06:51,657:INFO: device: cuda
2025-02-04 14:06:51,657:INFO: Init pre-train model...
2025-02-04 14:06:56,981:INFO: -done
2025-02-04 14:06:56,982:INFO: Starting training for 30 epoch(s)
2025-02-04 14:06:57,162:INFO: 从缓存加载train数据: /root/mrc_ner/PreModel---/PreModel_MRC/data/train.cache.128
2025-02-04 14:06:57,978:INFO: 最终得到17777个特征
2025-02-04 14:06:57,985:INFO: 从缓存加载val数据: /root/mrc_ner/PreModel---/PreModel_MRC/data/val.cache.128
2025-02-04 14:06:58,067:INFO: 最终得到1942个特征
2025-02-04 14:06:58,726:INFO: Epoch 1/30
2025-02-04 14:06:58,726:INFO: 当前学习率: 0.0
2025-02-04 14:13:22,167:INFO: - Val metrics: loss: 48.59; f1: 00.53; acc: 00.82
2025-02-04 14:13:22,242:INFO:              precision    recall  f1-score   support

      疾病和诊断       0.71      1.79      1.01       224
      实验室检验       0.08      1.04      0.14        96
         手术       0.00      0.00      0.00        70
         药物       0.18      1.30      0.31        77
       解剖部位       1.46      2.43      1.82       452
       影像检查       0.00      0.00      0.00        46

avg / total       0.87      1.76      1.13       965

2025-02-04 14:13:30,301:INFO: - 找到新的最佳F1分数: 0.5257
2025-02-04 14:13:30,301:INFO: Epoch 2/30
2025-02-04 14:13:30,301:INFO: 当前学习率: 6.666666666666667e-06
2025-02-04 14:19:53,555:INFO: - Val metrics: loss: 05.11; f1: 00.00; acc: 00.95
2025-02-04 14:19:53,620:INFO:              precision    recall  f1-score   support

      疾病和诊断       0.00      0.00      0.00       224
      实验室检验       0.00      0.00      0.00        96
         手术       0.00      0.00      0.00        70
         药物       0.00      0.00      0.00        77
       解剖部位       0.00      0.00      0.00       452
       影像检查       0.00      0.00      0.00        46

avg / total       0.00      0.00      0.00       965

2025-02-04 14:19:53,622:INFO: - F1分数未提升: 0.0000
2025-02-04 14:19:53,622:INFO: Epoch 3/30
2025-02-04 14:19:53,622:INFO: 当前学习率: 1.3333333333333333e-05
2025-02-04 14:26:17,332:INFO: - Val metrics: loss: 02.56; f1: 39.59; acc: 00.95
2025-02-04 14:26:17,401:INFO:              precision    recall  f1-score   support

      疾病和诊断      39.42     24.11     29.92       224
      实验室检验      20.59     14.58     17.07        96
         手术       4.00      1.43      2.11        70
         药物      29.09     20.78     24.24        77
       解剖部位      66.30     52.65     58.69       452
       影像检查       7.89      6.52      7.14        46

avg / total      45.24     33.78     38.56       965

2025-02-04 14:26:25,187:INFO: - 找到新的最佳F1分数: 39.5871
2025-02-04 14:26:25,187:INFO: Epoch 4/30
2025-02-04 14:26:25,188:INFO: 当前学习率: 2e-05
2025-02-04 14:32:48,908:INFO: - Val metrics: loss: 01.16; f1: 76.15; acc: 00.98
2025-02-04 14:32:48,972:INFO:              precision    recall  f1-score   support

      疾病和诊断      81.16     75.00     77.96       224
      实验室检验      41.88     51.04     46.01        96
         手术      79.22     87.14     82.99        70
         药物      64.63     68.83     66.67        77
       解剖部位      80.70     81.42     81.06       452
       影像检查      90.00     97.83     93.75        46

avg / total      76.00     77.10     76.45       965

2025-02-04 14:32:57,199:INFO: - 找到新的最佳F1分数: 76.1515
2025-02-04 14:32:57,199:INFO: Epoch 5/30
2025-02-04 14:32:57,199:INFO: 当前学习率: 1.925925925925926e-05
2025-02-04 14:39:20,706:INFO: - Val metrics: loss: 00.87; f1: 82.10; acc: 00.99
2025-02-04 14:39:20,774:INFO:              precision    recall  f1-score   support

      疾病和诊断      84.42     75.00     79.43       224
      实验室检验      68.57     75.00     71.64        96
         手术      88.41     87.14     87.77        70
         药物      83.78     80.52     82.12        77
       解剖部位      85.81     81.64     83.67       452
       影像检查      93.48     93.48     93.48        46

avg / total      84.17     80.31     82.13       965

2025-02-04 14:39:28,402:INFO: - 找到新的最佳F1分数: 82.0975
2025-02-04 14:39:28,402:INFO: Epoch 6/30
2025-02-04 14:39:28,402:INFO: 当前学习率: 1.851851851851852e-05
2025-02-04 14:45:52,255:INFO: - Val metrics: loss: 00.89; f1: 84.07; acc: 00.99
2025-02-04 14:45:52,325:INFO:              precision    recall  f1-score   support

      疾病和诊断      86.18     83.48     84.81       224
      实验室检验      63.81     69.79     66.67        96
         手术      86.30     90.00     88.11        70
         药物      89.33     87.01     88.16        77
       解剖部位      85.24     85.62     85.43       452
       影像检查      93.33     91.30     92.31        46

avg / total      84.12     84.25     84.16       965

2025-02-04 14:46:00,785:INFO: - 找到新的最佳F1分数: 84.0745
2025-02-04 14:46:00,785:INFO: Epoch 7/30
2025-02-04 14:46:00,785:INFO: 当前学习率: 1.7777777777777777e-05
2025-02-04 14:52:24,053:INFO: - Val metrics: loss: 00.83; f1: 84.78; acc: 00.99
2025-02-04 14:52:24,128:INFO:              precision    recall  f1-score   support

      疾病和诊断      85.32     83.04     84.16       224
      实验室检验      59.69     80.21     68.44        96
         手术      84.00     90.00     86.90        70
         药物      85.90     87.01     86.45        77
       解剖部位      87.61     87.61     87.61       452
       影像检查      91.67     95.65     93.62        46

avg / total      84.10     86.32     85.05       965

2025-02-04 14:52:32,417:INFO: - 找到新的最佳F1分数: 84.7837
2025-02-04 14:52:32,417:INFO: Epoch 8/30
2025-02-04 14:52:32,417:INFO: 当前学习率: 1.7037037037037038e-05
2025-02-04 14:58:56,381:INFO: - Val metrics: loss: 00.77; f1: 86.69; acc: 00.99
2025-02-04 14:58:56,450:INFO:              precision    recall  f1-score   support

      疾病和诊断      84.26     81.25     82.73       224
      实验室检验      71.96     80.21     75.86        96
         手术      88.73     90.00     89.36        70
         药物      90.79     89.61     90.20        77
       解剖部位      89.36     89.16     89.26       452
       影像检查      95.56     93.48     94.51        46

avg / total      86.81     86.74     86.74       965

2025-02-04 14:59:03,559:INFO: - 找到新的最佳F1分数: 86.6908
2025-02-04 14:59:03,560:INFO: Epoch 9/30
2025-02-04 14:59:03,560:INFO: 当前学习率: 1.6296296296296297e-05
2025-02-04 15:05:28,270:INFO: - Val metrics: loss: 00.88; f1: 84.62; acc: 00.99
2025-02-04 15:05:28,338:INFO:              precision    recall  f1-score   support

      疾病和诊断      84.51     80.36     82.38       224
      实验室检验      60.33     76.04     67.28        96
         手术      87.50     90.00     88.73        70
         药物      89.74     90.91     90.32        77
       解剖部位      89.20     85.84     87.49       452
       影像检查      91.49     93.48     92.47        46

avg / total      85.27     84.66     84.85       965

2025-02-04 15:05:28,340:INFO: - F1分数未提升: 84.6194
2025-02-04 15:05:28,340:INFO: Epoch 10/30
2025-02-04 15:05:28,340:INFO: 当前学习率: 1.555555555555556e-05
2025-02-04 15:11:52,510:INFO: - Val metrics: loss: 00.87; f1: 85.57; acc: 00.99
2025-02-04 15:11:52,580:INFO:              precision    recall  f1-score   support

      疾病和诊断      85.12     81.70     83.37       224
      实验室检验      63.64     72.92     67.96        96
         手术      86.67     92.86     89.66        70
         药物      89.74     90.91     90.32        77
       解剖部位      87.28     89.60     88.43       452
       影像检查      91.49     93.48     92.47        46

avg / total      84.78     86.63     85.65       965

2025-02-04 15:11:52,582:INFO: - F1分数未提升: 85.5681
2025-02-04 15:11:52,582:INFO: Epoch 11/30
2025-02-04 15:11:52,582:INFO: 当前学习率: 1.4814814814814815e-05
2025-02-04 15:18:16,801:INFO: - Val metrics: loss: 00.88; f1: 86.02; acc: 00.99
2025-02-04 15:18:16,871:INFO:              precision    recall  f1-score   support

      疾病和诊断      87.26     82.59     84.86       224
      实验室检验      68.81     78.12     73.17        96
         手术      87.84     92.86     90.28        70
         药物      86.08     88.31     87.18        77
       解剖部位      88.81     87.83     88.32       452
       影像检查      89.13     89.13     89.13        46

avg / total      86.19     86.11     86.10       965

2025-02-04 15:18:16,873:INFO: - F1分数未提升: 86.0248
2025-02-04 15:18:16,873:INFO: Epoch 12/30
2025-02-04 15:18:16,873:INFO: 当前学习率: 1.4074074074074075e-05
2025-02-04 15:24:41,141:INFO: - Val metrics: loss: 00.92; f1: 85.49; acc: 00.99
2025-02-04 15:24:41,210:INFO:              precision    recall  f1-score   support

      疾病和诊断      86.06     79.91     82.87       224
      实验室检验      64.66     78.12     70.75        96
         手术      88.89     91.43     90.14        70
         药物      87.01     87.01     87.01        77
       解剖部位      89.26     88.27     88.77       452
       影像检查      91.11     89.13     90.11        46

avg / total      85.95     85.49     85.63       965

2025-02-04 15:24:41,212:INFO: - F1分数未提升: 85.4922
2025-02-04 15:24:41,212:INFO: 最佳验证F1分数: 86.69
