2025-02-14 17:31:58,819:INFO: Model type: BERT_LSTM_CRF
2025-02-14 17:31:58,819:INFO: device: cuda
2025-02-14 17:31:58,819:INFO: Init pre-train model...
2025-02-14 17:31:59,532:INFO: -done
2025-02-14 17:31:59,532:INFO: Starting training for 20 epoch(s)
2025-02-14 17:32:00,235:INFO: Epoch 1/20
2025-02-14 17:33:04,983:INFO: Model type: BERT_LSTM_CRF
2025-02-14 17:33:04,984:INFO: device: cuda
2025-02-14 17:33:04,984:INFO: Init pre-train model...
2025-02-14 17:33:05,684:INFO: -done
2025-02-14 17:33:05,684:INFO: Starting training for 20 epoch(s)
2025-02-14 17:33:06,229:INFO: Epoch 1/20
2025-02-14 17:34:55,229:INFO: - Val metrics: loss: 14.10; f1: 58.96; accuracy: 00.92
2025-02-14 17:34:55,273:INFO:              precision    recall  f1-score   support

        MED      73.56     58.72     65.31       218
        POS      62.43     61.55     61.99       918
        DIS      62.23     43.60     51.28       461
        OPE      68.87     71.57     70.19       102
        LAB      60.92     29.61     39.85       179
        SCR      82.14     52.87     64.34        87

avg / total      64.69     54.25     58.35      1965

2025-02-14 17:34:57,069:INFO: - Found new best F1
2025-02-14 17:34:57,069:INFO: Epoch 2/20
2025-02-14 17:36:49,236:INFO: - Val metrics: loss: 06.42; f1: 75.57; accuracy: 00.95
2025-02-14 17:36:49,280:INFO:              precision    recall  f1-score   support

        MED      83.25     77.52     80.29       218
        POS      78.87     77.23     78.04       918
        DIS      75.28     73.32     74.29       461
        OPE      73.50     84.31     78.54       102
        LAB      61.72     44.13     51.47       179
        SCR      86.59     81.61     84.02        87

avg / total      77.01     73.89     75.28      1965

2025-02-14 17:36:51,967:INFO: - Found new best F1
2025-02-14 17:36:51,967:INFO: Epoch 3/20
2025-02-14 17:38:33,337:INFO: - Val metrics: loss: 05.07; f1: 80.15; accuracy: 00.96
2025-02-14 17:38:33,383:INFO:              precision    recall  f1-score   support

        MED      89.50     82.11     85.65       218
        POS      82.39     81.05     81.71       918
        DIS      75.05     80.26     77.57       461
        OPE      82.86     85.29     84.06       102
        LAB      73.76     58.10     65.00       179
        SCR      90.36     86.21     88.24        87

avg / total      81.05     79.34     80.07      1965

2025-02-14 17:38:36,058:INFO: - Found new best F1
2025-02-14 17:38:36,058:INFO: Epoch 4/20
2025-02-14 17:40:15,856:INFO: - Val metrics: loss: 04.70; f1: 81.44; accuracy: 00.96
2025-02-14 17:40:15,901:INFO:              precision    recall  f1-score   support

        MED      90.10     83.49     86.67       218
        POS      83.01     83.55     83.28       918
        DIS      76.31     78.96     77.61       461
        OPE      84.76     87.25     85.99       102
        LAB      68.68     69.83     69.25       179
        SCR      91.67     88.51     90.06        87

avg / total      81.39     81.63     81.49      1965

2025-02-14 17:40:18,106:INFO: - Found new best F1
2025-02-14 17:40:18,106:INFO: Epoch 5/20
2025-02-14 17:42:10,101:INFO: - Val metrics: loss: 04.50; f1: 82.55; accuracy: 00.97
2025-02-14 17:42:10,148:INFO:              precision    recall  f1-score   support

        MED      88.67     82.57     85.51       218
        POS      81.11     84.64     82.84       918
        DIS      82.55     80.04     81.28       461
        OPE      88.46     90.20     89.32       102
        LAB      72.13     73.74     72.93       179
        SCR      93.90     88.51     91.12        87

avg / total      82.42     82.80     82.57      1965

2025-02-14 17:42:12,714:INFO: - Found new best F1
2025-02-14 17:42:12,714:INFO: Epoch 6/20
2025-02-14 17:44:12,487:INFO: - Val metrics: loss: 04.36; f1: 82.90; accuracy: 00.97
2025-02-14 17:44:12,550:INFO:              precision    recall  f1-score   support

        MED      90.14     88.07     89.10       218
        POS      80.64     84.86     82.70       918
        DIS      81.40     80.69     81.05       461
        OPE      89.00     87.25     88.12       102
        LAB      76.47     72.63     74.50       179
        SCR      92.77     88.51     90.59        87

avg / total      82.46     83.41     82.90      1965

2025-02-14 17:44:15,317:INFO: - Found new best F1
2025-02-14 17:44:15,318:INFO: Epoch 7/20
2025-02-14 17:46:14,361:INFO: - Val metrics: loss: 04.37; f1: 83.83; accuracy: 00.97
2025-02-14 17:46:14,424:INFO:              precision    recall  f1-score   support

        MED      89.91     89.91     89.91       218
        POS      81.52     85.51     83.47       918
        DIS      85.23     81.34     83.24       461
        OPE      87.50     89.22     88.35       102
        LAB      75.29     73.18     74.22       179
        SCR      92.68     87.36     89.94        87

avg / total      83.56     84.17     83.83      1965

2025-02-14 17:46:17,228:INFO: - Found new best F1
2025-02-14 17:46:17,228:INFO: Epoch 8/20
2025-02-14 17:48:15,422:INFO: - Val metrics: loss: 04.74; f1: 83.54; accuracy: 00.97
2025-02-14 17:48:15,466:INFO:              precision    recall  f1-score   support

        MED      90.78     90.37     90.57       218
        POS      82.30     85.08     83.66       918
        DIS      80.43     81.13     80.78       461
        OPE      88.24     88.24     88.24       102
        LAB      78.11     73.74     75.86       179
        SCR      92.59     86.21     89.29        87

avg / total      83.18     83.92     83.53      1965

2025-02-14 17:48:17,218:INFO: Epoch 9/20
2025-02-14 17:50:21,357:INFO: - Val metrics: loss: 04.69; f1: 83.22; accuracy: 00.97
2025-02-14 17:50:21,402:INFO:              precision    recall  f1-score   support

        MED      92.02     89.91     90.95       218
        POS      82.52     83.33     82.93       918
        DIS      78.22     81.78     79.96       461
        OPE      89.00     87.25     88.12       102
        LAB      80.46     78.21     79.32       179
        SCR      88.24     86.21     87.21        87

avg / total      82.97     83.56     83.25      1965

2025-02-14 17:50:23,191:INFO: Epoch 10/20
2025-02-14 17:52:30,367:INFO: - Val metrics: loss: 05.01; f1: 83.32; accuracy: 00.97
2025-02-14 17:52:30,413:INFO:              precision    recall  f1-score   support

        MED      87.67     88.07     87.87       218
        POS      81.91     83.88     82.88       918
        DIS      81.17     81.34     81.26       461
        OPE      86.54     88.24     87.38       102
        LAB      81.50     78.77     80.11       179
        SCR      92.59     86.21     89.29        87

avg / total      83.05     83.61     83.32      1965

2025-02-14 17:52:31,810:INFO: Epoch 11/20
2025-02-14 17:54:34,541:INFO: - Val metrics: loss: 05.04; f1: 83.47; accuracy: 00.97
2025-02-14 17:54:34,586:INFO:              precision    recall  f1-score   support

        MED      89.25     87.61     88.43       218
        POS      82.48     84.10     83.28       918
        DIS      83.18     80.48     81.81       461
        OPE      87.38     88.24     87.80       102
        LAB      77.35     78.21     77.78       179
        SCR      91.46     86.21     88.76        87

avg / total      83.58     83.41     83.48      1965

2025-02-14 17:54:36,337:INFO: Best val f1: 83.83
