2025-02-03 00:39:30,544:INFO: Model type: 'NEZHA-MRC'
2025-02-03 00:39:30,544:INFO: device: cuda
2025-02-03 00:39:30,545:INFO: Init pre-train model...
2025-02-03 00:39:32,058:INFO: -done
2025-02-03 00:39:32,058:INFO: Starting training for 30 epoch(s)
2025-02-03 00:39:34,432:INFO: Epoch 1/30
2025-02-03 00:41:41,038:INFO: - Val metrics: loss: 05.31; f1: 01.28; acc: 00.96
2025-02-03 00:41:41,102:INFO:              precision    recall  f1-score   support

       解剖部位     100.00      1.33      2.62       452
      疾病和诊断       0.00      0.00      0.00       224
      实验室检验       0.00      0.00      0.00        96
         药物       0.00      0.00      0.00        77
         手术       0.00      0.00      0.00        37
       影像检查       0.00      0.00      0.00        46

avg / total      48.50      0.64      1.27       932

2025-02-03 00:41:43,511:INFO: - 找到新的最佳F1分数
2025-02-03 00:41:43,511:INFO: Epoch 2/30
2025-02-03 00:43:42,298:INFO: - Val metrics: loss: 04.21; f1: 27.83; acc: 00.96
2025-02-03 00:43:42,359:INFO:              precision    recall  f1-score   support

       解剖部位      57.72     38.05     45.87       452
      疾病和诊断       0.00      0.00      0.00       224
      实验室检验       0.00      0.00      0.00        96
         药物       0.00      0.00      0.00        77
         手术       0.00      0.00      0.00        37
       影像检查       0.00      0.00      0.00        46

avg / total      27.99     18.45     22.24       932

2025-02-03 00:43:46,179:INFO: - 找到新的最佳F1分数
2025-02-03 00:43:46,179:INFO: Epoch 3/30
2025-02-03 00:45:37,942:INFO: - Val metrics: loss: 03.42; f1: 30.61; acc: 00.96
2025-02-03 00:45:38,002:INFO:              precision    recall  f1-score   support

       解剖部位      50.90     43.58     46.96       452
      疾病和诊断      30.00      1.34      2.56       224
      实验室检验       0.00      0.00      0.00        96
         药物      28.57     10.39     15.24        77
         手术       0.00      0.00      0.00        37
       影像检查       0.00      0.00      0.00        46

avg / total      34.26     22.32     24.65       932

2025-02-03 00:45:41,153:INFO: - 找到新的最佳F1分数
2025-02-03 00:45:41,153:INFO: Epoch 4/30
2025-02-03 00:47:30,407:INFO: - Val metrics: loss: 01.96; f1: 47.35; acc: 00.97
2025-02-03 00:47:30,469:INFO:              precision    recall  f1-score   support

       解剖部位      63.91     56.42     59.93       452
      疾病和诊断      43.01     17.86     25.24       224
      实验室检验      45.00     18.75     26.47        96
         药物      78.00     50.65     61.42        77
         手术       0.00      0.00      0.00        37
       影像检查      71.43     21.74     33.33        46

avg / total      55.94     38.84     44.58       932

2025-02-03 00:47:33,891:INFO: - 找到新的最佳F1分数
2025-02-03 00:47:33,891:INFO: Epoch 5/30
2025-02-03 00:49:29,304:INFO: - Val metrics: loss: 01.43; f1: 63.10; acc: 00.97
2025-02-03 00:49:29,373:INFO:              precision    recall  f1-score   support

       解剖部位      75.18     70.35     72.69       452
      疾病和诊断      63.92     45.09     52.88       224
      实验室检验      39.33     36.46     37.84        96
         药物      77.36     53.25     63.08        77
         手术      78.95     40.54     53.57        37
       影像检查      60.32     82.61     69.72        46

avg / total      68.38     58.80     62.64       932

2025-02-03 00:49:32,708:INFO: - 找到新的最佳F1分数
2025-02-03 00:49:32,708:INFO: Epoch 6/30
2025-02-03 00:51:33,593:INFO: - Val metrics: loss: 00.98; f1: 69.92; acc: 00.98
2025-02-03 00:51:33,656:INFO:              precision    recall  f1-score   support

       解剖部位      78.24     74.78     76.47       452
      疾病和诊断      65.84     59.38     62.44       224
      实验室检验      48.98     50.00     49.48        96
         药物      78.87     72.73     75.68        77
         手术      71.43     67.57     69.44        37
       影像检查      69.09     82.61     75.25        46

avg / total      71.58     68.45     69.91       932

2025-02-03 00:51:37,191:INFO: - 找到新的最佳F1分数
2025-02-03 00:51:37,192:INFO: Epoch 7/30
2025-02-03 00:53:35,204:INFO: - Val metrics: loss: 00.82; f1: 73.07; acc: 00.98
2025-02-03 00:53:35,267:INFO:              precision    recall  f1-score   support

       解剖部位      77.05     83.19     80.00       452
      疾病和诊断      72.91     66.07     69.32       224
      实验室检验      49.51     53.12     51.26        96
         药物      66.25     68.83     67.52        77
         手术      86.21     67.57     75.76        37
       影像检查      66.10     84.78     74.29        46

avg / total      72.15     74.25     72.99       932

2025-02-03 00:53:38,271:INFO: - 找到新的最佳F1分数
2025-02-03 00:53:38,271:INFO: Epoch 8/30
2025-02-03 00:55:34,146:INFO: - Val metrics: loss: 00.84; f1: 76.04; acc: 00.98
2025-02-03 00:55:34,210:INFO:              precision    recall  f1-score   support

       解剖部位      80.35     82.30     81.31       452
      疾病和诊断      76.02     66.52     70.95       224
      实验室检验      62.38     65.62     63.96        96
         药物      79.71     71.43     75.34        77
         手术      83.33     67.57     74.63        37
       影像检查      67.24     84.78     75.00        46

avg / total      76.87     75.43     75.96       932

2025-02-03 00:55:37,821:INFO: - 找到新的最佳F1分数
2025-02-03 00:55:37,821:INFO: Epoch 9/30
2025-02-03 00:57:43,802:INFO: - Val metrics: loss: 00.74; f1: 77.30; acc: 00.98
2025-02-03 00:57:43,862:INFO:              precision    recall  f1-score   support

       解剖部位      83.15     81.86     82.50       452
      疾病和诊断      73.58     69.64     71.56       224
      实验室检验      62.50     67.71     65.00        96
         药物      71.79     72.73     72.26        77
         手术      87.88     78.38     82.86        37
       影像检查      80.39     89.13     84.54        46

avg / total      77.84     76.93     77.34       932

2025-02-03 00:57:47,094:INFO: - 找到新的最佳F1分数
2025-02-03 00:57:47,094:INFO: Epoch 10/30
2025-02-03 01:00:02,929:INFO: - Val metrics: loss: 00.63; f1: 78.19; acc: 00.99
2025-02-03 01:00:02,997:INFO:              precision    recall  f1-score   support

       解剖部位      82.78     82.96     82.87       452
      疾病和诊断      83.78     69.20     75.79       224
      实验室检验      61.05     60.42     60.73        96
         药物      75.00     70.13     72.48        77
         手术      90.00     72.97     80.60        37
       影像检查      83.67     89.13     86.32        46

avg / total      80.47     76.18     78.11       932

2025-02-03 01:00:06,075:INFO: - 找到新的最佳F1分数
2025-02-03 01:00:06,075:INFO: Epoch 11/30
2025-02-03 01:02:14,294:INFO: - Val metrics: loss: 00.60; f1: 78.79; acc: 00.99
2025-02-03 01:02:14,396:INFO:              precision    recall  f1-score   support

       解剖部位      83.37     84.29     83.83       452
      疾病和诊断      77.37     65.62     71.01       224
      实验室检验      67.78     63.54     65.59        96
         药物      79.73     76.62     78.15        77
         手术      93.55     78.38     85.29        37
       影像检查      86.96     86.96     86.96        46

avg / total      80.60     76.93     78.61       932

2025-02-03 01:02:18,713:INFO: - 找到新的最佳F1分数
2025-02-03 01:02:18,713:INFO: Epoch 12/30
2025-02-03 01:04:21,118:INFO: - Val metrics: loss: 00.53; f1: 80.28; acc: 00.99
2025-02-03 01:04:21,181:INFO:              precision    recall  f1-score   support

       解剖部位      83.62     85.84     84.72       452
      疾病和诊断      77.78     75.00     76.36       224
      实验室检验      66.00     68.75     67.35        96
         药物      79.73     76.62     78.15        77
         手术      88.24     81.08     84.51        37
       影像检查      78.43     86.96     82.47        46

avg / total      80.01     80.58     80.26       932

2025-02-03 01:04:24,976:INFO: - 找到新的最佳F1分数
2025-02-03 01:04:24,976:INFO: Epoch 13/30
2025-02-03 01:06:35,278:INFO: - Val metrics: loss: 00.53; f1: 79.42; acc: 00.99
2025-02-03 01:06:35,340:INFO:              precision    recall  f1-score   support

       解剖部位      82.68     83.41     83.04       452
      疾病和诊断      79.43     74.11     76.67       224
      实验室检验      66.67     70.83     68.69        96
         药物      74.03     74.03     74.03        77
         手术      88.24     81.08     84.51        37
       影像检查      80.39     89.13     84.54        46

avg / total      79.64     79.29     79.42       932

2025-02-03 01:06:37,395:INFO: Epoch 14/30
2025-02-03 01:08:42,264:INFO: - Val metrics: loss: 00.58; f1: 80.65; acc: 00.99
2025-02-03 01:08:42,334:INFO:              precision    recall  f1-score   support

       解剖部位      80.16     87.61     83.72       452
      疾病和诊断      81.78     78.12     79.91       224
      实验室检验      66.35     71.88     69.00        96
         药物      71.25     74.03     72.61        77
         手术      85.71     81.08     83.33        37
       影像检查      87.50     91.30     89.36        46

avg / total      78.97     82.51     80.63       932

2025-02-03 01:08:45,694:INFO: - 找到新的最佳F1分数
2025-02-03 01:08:45,694:INFO: Epoch 15/30
2025-02-03 01:10:52,242:INFO: - Val metrics: loss: 00.52; f1: 80.70; acc: 00.99
2025-02-03 01:10:52,315:INFO:              precision    recall  f1-score   support

       解剖部位      83.16     86.28     84.69       452
      疾病和诊断      78.60     75.45     76.99       224
      实验室检验      63.81     69.79     66.67        96
         药物      76.92     77.92     77.42        77
         手术      88.89     86.49     87.67        37
       影像检查      84.31     93.48     88.66        46

avg / total      79.84     81.65     80.70       932

2025-02-03 01:10:56,283:INFO: - 找到新的最佳F1分数
2025-02-03 01:10:56,283:INFO: Epoch 16/30
2025-02-03 01:13:07,614:INFO: - Val metrics: loss: 00.52; f1: 81.40; acc: 00.99
2025-02-03 01:13:07,674:INFO:              precision    recall  f1-score   support

       解剖部位      85.97     85.40     85.68       452
      疾病和诊断      79.34     75.45     77.35       224
      实验室检验      69.07     69.79     69.43        96
         药物      76.92     77.92     77.42        77
         手术      83.78     83.78     83.78        37
       影像检查      85.71     91.30     88.42        46

avg / total      81.79     81.01     81.38       932

2025-02-03 01:13:11,428:INFO: - 找到新的最佳F1分数
2025-02-03 01:13:11,428:INFO: Epoch 17/30
2025-02-03 01:15:11,711:INFO: - Val metrics: loss: 00.49; f1: 79.39; acc: 00.99
2025-02-03 01:15:11,771:INFO:              precision    recall  f1-score   support

       解剖部位      84.50     85.62     85.05       452
      疾病和诊断      74.76     68.75     71.63       224
      实验室检验      68.13     64.58     66.31        96
         药物      73.08     74.03     73.55        77
         手术      88.57     83.78     86.11        37
       影像检查      87.76     93.48     90.53        46

avg / total      79.85     78.76     79.26       932

2025-02-03 01:15:14,293:INFO: Epoch 18/30
2025-02-03 01:17:17,316:INFO: - Val metrics: loss: 00.45; f1: 81.97; acc: 00.99
2025-02-03 01:17:17,419:INFO:              precision    recall  f1-score   support

       解剖部位      87.33     85.40     86.35       452
      疾病和诊断      82.00     73.21     77.36       224
      实验室检验      71.43     67.71     69.52        96
         药物      83.58     72.73     77.78        77
         手术      88.57     83.78     86.11        37
       影像检查      95.12     84.78     89.66        46

avg / total      84.54     79.51     81.90       932

2025-02-03 01:17:21,975:INFO: - 找到新的最佳F1分数
2025-02-03 01:17:21,975:INFO: Epoch 19/30
2025-02-03 01:19:38,649:INFO: - Val metrics: loss: 00.50; f1: 81.47; acc: 00.99
2025-02-03 01:19:38,710:INFO:              precision    recall  f1-score   support

       解剖部位      84.78     86.28     85.53       452
      疾病和诊断      77.48     76.79     77.13       224
      实验室检验      70.30     73.96     72.08        96
         药物      78.67     76.62     77.63        77
         手术      88.57     83.78     86.11        37
       影像检查      79.25     91.30     84.85        46

avg / total      80.91     82.08     81.46       932

2025-02-03 01:19:40,617:INFO: Epoch 20/30
2025-02-03 01:21:42,044:INFO: - Val metrics: loss: 00.48; f1: 81.29; acc: 00.99
2025-02-03 01:21:42,104:INFO:              precision    recall  f1-score   support

       解剖部位      86.19     85.62     85.90       452
      疾病和诊断      80.30     72.77     76.35       224
      实验室检验      69.57     66.67     68.09        96
         药物      79.45     75.32     77.33        77
         手术      91.18     83.78     87.32        37
       影像检查      88.89     86.96     87.91        46

avg / total      82.84     79.72     81.22       932

2025-02-03 01:21:44,512:INFO: Epoch 21/30
2025-02-03 01:23:39,628:INFO: - Val metrics: loss: 00.52; f1: 81.38; acc: 00.99
2025-02-03 01:23:39,688:INFO:              precision    recall  f1-score   support

       解剖部位      85.81     85.62     85.71       452
      疾病和诊断      76.96     74.55     75.74       224
      实验室检验      66.67     70.83     68.69        96
         药物      77.92     77.92     77.92        77
         手术      91.43     86.49     88.89        37
       影像检查      95.45     91.30     93.33        46

avg / total      81.76     81.12     81.42       932

2025-02-03 01:23:41,993:INFO: Epoch 22/30
2025-02-03 01:25:42,357:INFO: - Val metrics: loss: 00.44; f1: 80.61; acc: 00.99
2025-02-03 01:25:42,418:INFO:              precision    recall  f1-score   support

       解剖部位      84.65     85.40     85.02       452
      疾病和诊断      77.36     73.21     75.23       224
      实验室检验      71.91     66.67     69.19        96
         药物      79.73     76.62     78.15        77
         手术      86.11     83.78     84.93        37
       影像检查      85.11     86.96     86.02        46

avg / total      81.26     79.83     80.52       932

2025-02-03 01:25:45,325:INFO: 最佳验证F1分数: 81.97
