2025-02-04 10:31:04,630:INFO: Model type: 'DeBERTa-MRC'
2025-02-04 10:31:04,630:INFO: device: cuda
2025-02-04 10:31:04,630:INFO: Init pre-train model...
2025-02-04 10:32:18,333:INFO: Model type: 'DeBERTa-MRC'
2025-02-04 10:32:18,334:INFO: device: cuda
2025-02-04 10:32:18,334:INFO: Init pre-train model...
2025-02-04 10:32:25,748:INFO: -done
2025-02-04 10:32:25,749:INFO: Starting training for 30 epoch(s)
2025-02-04 10:32:28,029:INFO: Epoch 1/30
2025-02-04 10:35:35,976:INFO: - Val metrics: loss: 06.12; f1: 27.73; acc: 00.96
2025-02-04 10:35:36,046:INFO:              precision    recall  f1-score   support

       解剖部位      54.52     45.35     49.52       452
      疾病和诊断      10.31      4.46      6.23       224
      实验室检验       8.91      9.38      9.14        96
       影像检查       2.70      2.17      2.41        46
         药物       2.90      2.60      2.74        77
         手术       0.00      0.00      0.00        37

avg / total      30.21     24.36     26.80       932

2025-02-04 10:35:42,184:INFO: - 找到新的最佳F1分数
2025-02-04 10:35:42,184:INFO: Epoch 2/30
2025-02-04 10:38:49,658:INFO: - Val metrics: loss: 01.80; f1: 66.67; acc: 00.98
2025-02-04 10:38:49,728:INFO:              precision    recall  f1-score   support

       解剖部位      72.93     78.10     75.43       452
      疾病和诊断      72.67     52.23     60.78       224
      实验室检验      31.93     39.58     35.35        96
       影像检查      87.80     78.26     82.76        46
         药物      66.67     62.34     64.43        77
         手术      63.89     62.16     63.01        37

avg / total      68.50     65.99     66.74       932

2025-02-04 10:38:58,847:INFO: - 找到新的最佳F1分数
2025-02-04 10:38:58,847:INFO: Epoch 3/30
2025-02-04 10:42:06,467:INFO: - Val metrics: loss: 00.69; f1: 77.35; acc: 00.98
2025-02-04 10:42:06,538:INFO:              precision    recall  f1-score   support

       解剖部位      83.41     80.09     81.72       452
      疾病和诊断      70.37     67.86     69.09       224
      实验室检验      67.62     73.96     70.65        96
       影像检查      92.86     84.78     88.64        46
         药物      74.67     72.73     73.68        77
         手术      86.49     86.49     86.49        37

avg / total      78.52     76.39     77.41       932

2025-02-04 10:42:14,634:INFO: - 找到新的最佳F1分数
2025-02-04 10:42:14,634:INFO: Epoch 4/30
2025-02-04 10:45:22,168:INFO: - Val metrics: loss: 00.50; f1: 81.15; acc: 00.99
2025-02-04 10:45:22,237:INFO:              precision    recall  f1-score   support

       解剖部位      85.36     83.85     84.60       452
      疾病和诊断      80.18     81.25     80.71       224
      实验室检验      55.56     67.71     61.03        96
       影像检查      91.49     93.48     92.47        46
         药物      79.75     81.82     80.77        77
         手术      86.49     86.49     86.49        37

avg / total      80.93     81.97     81.38       932

2025-02-04 10:45:30,659:INFO: - 找到新的最佳F1分数
2025-02-04 10:45:30,659:INFO: Epoch 5/30
2025-02-04 10:48:38,032:INFO: - Val metrics: loss: 00.52; f1: 81.20; acc: 00.99
2025-02-04 10:48:38,102:INFO:              precision    recall  f1-score   support

       解剖部位      84.86     84.29     84.57       452
      疾病和诊断      83.17     75.00     78.87       224
      实验室检验      60.53     71.88     65.71        96
       影像检查      88.00     95.65     91.67        46
         药物      82.67     80.52     81.58        77
         手术      80.00     86.49     83.12        37

avg / total      81.73     81.12     81.31       932

2025-02-04 10:48:46,810:INFO: - 找到新的最佳F1分数
2025-02-04 10:48:46,810:INFO: Epoch 6/30
2025-02-04 10:51:54,342:INFO: - Val metrics: loss: 00.54; f1: 83.02; acc: 00.99
2025-02-04 10:51:54,411:INFO:              precision    recall  f1-score   support

       解剖部位      83.41     85.62     84.50       452
      疾病和诊断      84.65     76.34     80.28       224
      实验室检验      69.72     79.17     74.15        96
       影像检查      93.48     93.48     93.48        46
         药物      85.53     84.42     84.97        77
         手术      86.84     89.19     88.00        37

avg / total      83.10     83.15     83.04       932

2025-02-04 10:52:02,737:INFO: - 找到新的最佳F1分数
2025-02-04 10:52:02,737:INFO: Epoch 7/30
2025-02-04 10:55:10,261:INFO: - Val metrics: loss: 00.57; f1: 81.66; acc: 00.99
2025-02-04 10:55:10,331:INFO:              precision    recall  f1-score   support

       解剖部位      86.08     82.08     84.03       452
      疾病和诊断      83.02     78.57     80.73       224
      实验室检验      60.83     76.04     67.59        96
       影像检查      91.49     93.48     92.47        46
         药物      85.00     88.31     86.62        77
         手术      75.68     75.68     75.68        37

avg / total      82.51     81.44     81.84       932

2025-02-04 10:55:15,264:INFO: Epoch 8/30
2025-02-04 10:58:22,634:INFO: - Val metrics: loss: 00.49; f1: 82.39; acc: 00.99
2025-02-04 10:58:22,703:INFO:              precision    recall  f1-score   support

       解剖部位      85.78     82.74     84.23       452
      疾病和诊断      82.06     81.70     81.88       224
      实验室检验      65.71     71.88     68.66        96
       影像检查      88.00     95.65     91.67        46
         药物      89.19     85.71     87.42        77
         手术      78.38     78.38     78.38        37

avg / total      82.92     82.08     82.46       932

2025-02-04 10:58:28,120:INFO: Epoch 9/30
2025-02-04 11:01:35,601:INFO: - Val metrics: loss: 00.77; f1: 82.86; acc: 00.99
2025-02-04 11:01:35,671:INFO:              precision    recall  f1-score   support

       解剖部位      86.50     83.63     85.04       452
      疾病和诊断      82.49     79.91     81.18       224
      实验室检验      69.39     70.83     70.10        96
       影像检查      95.35     89.13     92.13        46
         药物      86.25     89.61     87.90        77
         手术      78.38     78.38     78.38        37

avg / total      83.87     81.97     82.90       932

2025-02-04 11:01:42,124:INFO: Epoch 10/30
2025-02-04 11:04:49,646:INFO: - Val metrics: loss: 00.72; f1: 83.97; acc: 00.99
2025-02-04 11:04:49,717:INFO:              precision    recall  f1-score   support

       解剖部位      86.71     85.18     85.94       452
      疾病和诊断      83.50     76.79     80.00       224
      实验室检验      72.92     72.92     72.92        96
       影像检查      95.56     93.48     94.51        46
         药物      92.00     89.61     90.79        77
         手术      86.11     83.78     84.93        37

avg / total      85.37     82.62     83.95       932

2025-02-04 11:04:58,008:INFO: - 找到新的最佳F1分数
2025-02-04 11:04:58,009:INFO: Epoch 11/30
2025-02-04 11:06:22,230:INFO: Model type: 'DeBERTa-MRC'
2025-02-04 11:06:22,230:INFO: device: cuda
2025-02-04 11:06:22,230:INFO: Init pre-train model...
2025-02-04 11:06:27,593:INFO: -done
2025-02-04 11:06:27,594:INFO: Starting training for 30 epoch(s)
2025-02-04 11:06:28,762:INFO: 从/root/mrc_ner/PreModel---/PreModel_MRC/model/ex3/best.pth.tar恢复参数
2025-02-04 11:06:31,892:INFO: 从/root/mrc_ner/PreModel---/PreModel_MRC/model/ex3/best.pth.tar恢复参数
2025-02-04 11:06:33,943:INFO: Epoch 1/30
2025-02-04 11:09:41,506:INFO: - Val metrics: loss: 01.80; f1: 83.84; acc: 00.99
2025-02-04 11:09:41,575:INFO:              precision    recall  f1-score   support

         药物      89.47     88.31     88.89        77
      疾病和诊断      83.96     79.46     81.65       224
       解剖部位      87.02     86.06     86.54       452
         手术      86.11     83.78     84.93        37
      实验室检验      63.16     75.00     68.57        96
       影像检查      93.48     93.48     93.48        46

avg / total      84.31     83.80     83.99       932

2025-02-04 11:09:50,189:INFO: - 找到新的最佳F1分数
2025-02-04 11:09:50,189:INFO: Epoch 2/30
2025-02-04 11:12:57,539:INFO: - Val metrics: loss: 02.22; f1: 83.74; acc: 00.99
2025-02-04 11:12:57,607:INFO:              precision    recall  f1-score   support

         药物      84.52     92.21     88.20        77
      疾病和诊断      85.65     79.91     82.68       224
       解剖部位      85.34     86.28     85.81       452
         手术      75.00     81.08     77.92        37
      实验室检验      66.97     76.04     71.22        96
       影像检查      88.24     97.83     92.78        46

avg / total      83.19     84.55     83.78       932

2025-02-04 11:13:03,242:INFO: Epoch 3/30
2025-02-04 11:16:10,582:INFO: - Val metrics: loss: 01.92; f1: 84.75; acc: 00.99
2025-02-04 11:16:10,654:INFO:              precision    recall  f1-score   support

         药物      90.41     85.71     88.00        77
      疾病和诊断      84.98     80.80     82.84       224
       解剖部位      85.75     86.50     86.12       452
         手术      83.33     81.08     82.19        37
      实验室检验      80.23     71.88     75.82        96
       影像检查      93.62     95.65     94.62        46

avg / total      85.67     83.80     84.69       932

2025-02-04 11:16:19,991:INFO: - 找到新的最佳F1分数
2025-02-04 11:16:19,991:INFO: Epoch 4/30
2025-02-04 11:19:27,575:INFO: - Val metrics: loss: 01.97; f1: 83.65; acc: 00.99
2025-02-04 11:19:27,644:INFO:              precision    recall  f1-score   support

         药物      91.55     84.42     87.84        77
      疾病和诊断      83.33     80.36     81.82       224
       解剖部位      86.07     84.73     85.40       452
         手术      71.79     75.68     73.68        37
      实验室检验      75.00     71.88     73.40        96
       影像检查      97.83     97.83     97.83        46

avg / total      84.74     82.62     83.65       932

2025-02-04 11:19:32,358:INFO: Epoch 5/30
2025-02-04 11:22:40,016:INFO: - Val metrics: loss: 02.46; f1: 84.98; acc: 00.99
2025-02-04 11:22:40,086:INFO:              precision    recall  f1-score   support

         药物      81.93     88.31     85.00        77
      疾病和诊断      86.38     82.14     84.21       224
       解剖部位      87.87     86.50     87.18       452
         手术      72.50     78.38     75.32        37
      实验室检验      71.82     82.29     76.70        96
       影像检查      91.67     95.65     93.62        46

avg / total      84.94     85.30     85.05       932

2025-02-04 11:22:47,944:INFO: - 找到新的最佳F1分数
2025-02-04 11:22:47,944:INFO: Epoch 6/30
2025-02-04 11:25:55,877:INFO: - Val metrics: loss: 02.63; f1: 85.02; acc: 00.99
2025-02-04 11:25:55,945:INFO:              precision    recall  f1-score   support

         药物      92.00     89.61     90.79        77
      疾病和诊断      85.58     82.14     83.83       224
       解剖部位      86.67     86.28     86.47       452
         手术      76.92     81.08     78.95        37
      实验室检验      76.60     75.00     75.79        96
       影像检查      93.18     89.13     91.11        46

avg / total      85.74     84.33     85.02       932

2025-02-04 11:26:03,783:INFO: - 找到新的最佳F1分数
2025-02-04 11:26:03,783:INFO: Epoch 7/30
2025-02-04 11:29:11,674:INFO: - Val metrics: loss: 02.79; f1: 81.84; acc: 00.99
2025-02-04 11:29:11,743:INFO:              precision    recall  f1-score   support

         药物      80.23     89.61     84.66        77
      疾病和诊断      80.37     76.79     78.54       224
       解剖部位      83.63     83.63     83.63       452
         手术      83.33     81.08     82.19        37
      实验室检验      71.15     77.08     74.00        96
       影像检查      89.58     93.48     91.49        46

avg / total      81.56     82.19     81.83       932

2025-02-04 11:29:16,299:INFO: Epoch 8/30
2025-02-04 11:32:24,160:INFO: - Val metrics: loss: 03.73; f1: 84.13; acc: 00.99
2025-02-04 11:32:24,228:INFO:              precision    recall  f1-score   support

         药物      87.18     88.31     87.74        77
      疾病和诊断      83.49     79.02     81.19       224
       解剖部位      89.09     88.50     88.79       452
         手术      86.11     83.78     84.93        37
      实验室检验      56.30     79.17     65.80        96
       影像检查      89.58     93.48     91.49        46

avg / total      84.11     85.30     84.49       932

2025-02-04 11:32:28,720:INFO: Epoch 9/30
2025-02-04 11:35:36,474:INFO: - Val metrics: loss: 03.54; f1: 84.03; acc: 00.99
2025-02-04 11:35:36,542:INFO:              precision    recall  f1-score   support

         药物      92.31     93.51     92.90        77
      疾病和诊断      85.45     81.25     83.30       224
       解剖部位      85.65     85.84     85.75       452
         手术      85.29     78.38     81.69        37
      实验室检验      69.07     69.79     69.43        96
       影像检查      87.23     89.13     88.17        46

avg / total      84.51     83.58     84.03       932

2025-02-04 11:35:41,453:INFO: 最佳验证F1分数: 85.02
