2025-02-13 19:28:21,428:INFO: Model type: Deberta_LSTM_CRF
2025-02-13 19:28:21,429:INFO: device: cuda
2025-02-13 19:28:21,429:INFO: Init pre-train model...
2025-02-13 19:28:23,600:INFO: -done
2025-02-13 19:28:23,601:INFO: Starting training for 20 epoch(s)
2025-02-13 19:29:01,733:INFO: Epoch 1/20
2025-02-13 19:31:38,042:INFO: - Val metrics: loss: 12.34; f1: 67.58; accuracy: 00.94
2025-02-13 19:31:38,085:INFO:              precision    recall  f1-score   support

        POS      75.09     71.90     73.46       918
        DIS      62.29     63.77     63.02       461
        LAB      31.16     61.45     41.35       179
        MED      77.67     73.39     75.47       218
        OPE      69.23     79.41     73.97       102
        SCR      86.75     82.76     84.71        87

avg / total      68.58     70.08     68.83      1965

2025-02-13 19:32:52,388:INFO: Model type: Deberta_LSTM_CRF
2025-02-13 19:32:52,388:INFO: device: cuda
2025-02-13 19:32:52,388:INFO: Init pre-train model...
2025-02-13 19:32:54,617:INFO: -done
2025-02-13 19:32:54,617:INFO: Starting training for 20 epoch(s)
2025-02-13 19:32:55,615:INFO: Epoch 1/20
2025-02-13 19:35:33,522:INFO: - Val metrics: loss: 12.34; f1: 67.58; accuracy: 00.94
2025-02-13 19:35:33,566:INFO:              precision    recall  f1-score   support

        DIS      62.29     63.77     63.02       461
        POS      75.09     71.90     73.46       918
        LAB      31.16     61.45     41.35       179
        OPE      69.23     79.41     73.97       102
        SCR      86.75     82.76     84.71        87
        MED      77.67     73.39     75.47       218

avg / total      68.58     70.08     68.83      1965

2025-02-13 19:35:41,162:INFO: - Found new best F1
2025-02-13 19:35:41,162:INFO: Epoch 2/20
2025-02-13 19:38:16,813:INFO: - Val metrics: loss: 06.22; f1: 77.57; accuracy: 00.96
2025-02-13 19:38:16,856:INFO:              precision    recall  f1-score   support

        DIS      76.07     73.10     74.56       461
        POS      77.60     78.87     78.23       918
        LAB      72.78     64.25     68.25       179
        OPE      81.37     81.37     81.37       102
        SCR      85.71     89.66     87.64        87
        MED      88.48     77.52     82.64       218

avg / total      78.56     76.64     77.53      1965

2025-02-13 19:38:24,165:INFO: - Found new best F1
2025-02-13 19:38:24,166:INFO: Epoch 3/20
2025-02-13 19:41:03,311:INFO: - Val metrics: loss: 05.37; f1: 79.86; accuracy: 00.96
2025-02-13 19:41:03,355:INFO:              precision    recall  f1-score   support

        DIS      80.32     75.27     77.72       461
        POS      80.28     80.28     80.28       918
        LAB      84.07     53.07     65.07       179
        OPE      86.27     86.27     86.27       102
        SCR      92.21     81.61     86.59        87
        MED      89.37     84.86     87.06       218

avg / total      82.49     77.51     79.64      1965

2025-02-13 19:41:11,012:INFO: - Found new best F1
2025-02-13 19:41:11,012:INFO: Epoch 4/20
2025-02-13 19:43:45,721:INFO: - Val metrics: loss: 04.80; f1: 81.01; accuracy: 00.96
2025-02-13 19:43:45,764:INFO:              precision    recall  f1-score   support

        DIS      82.52     73.75     77.89       461
        POS      81.63     80.83     81.23       918
        LAB      75.45     70.39     72.83       179
        OPE      87.76     84.31     86.00       102
        SCR      90.12     83.91     86.90        87
        MED      92.08     85.32     88.57       218

avg / total      83.13     79.03     80.99      1965

2025-02-13 19:43:54,183:INFO: - Found new best F1
2025-02-13 19:43:54,183:INFO: Epoch 5/20
2025-02-13 19:46:28,511:INFO: - Val metrics: loss: 04.38; f1: 81.47; accuracy: 00.96
2025-02-13 19:46:28,553:INFO:              precision    recall  f1-score   support

        DIS      79.65     78.09     78.86       461
        POS      80.69     81.92     81.30       918
        LAB      77.35     78.21     77.78       179
        OPE      87.63     83.33     85.43       102
        SCR      93.75     86.21     89.82        87
        MED      87.20     84.40     85.78       218

avg / total      81.80     81.22     81.49      1965

2025-02-13 19:46:37,231:INFO: - Found new best F1
2025-02-13 19:46:37,231:INFO: Epoch 6/20
2025-02-13 19:49:11,771:INFO: - Val metrics: loss: 04.27; f1: 81.82; accuracy: 00.96
2025-02-13 19:49:11,816:INFO:              precision    recall  f1-score   support

        DIS      78.92     79.61     79.27       461
        POS      83.37     79.19     81.23       918
        LAB      81.07     76.54     78.74       179
        OPE      86.14     85.29     85.71       102
        SCR      91.25     83.91     87.43        87
        MED      87.73     88.53     88.13       218

avg / total      83.09     80.61     81.81      1965

2025-02-13 19:49:20,316:INFO: - Found new best F1
2025-02-13 19:49:20,316:INFO: Epoch 7/20
2025-02-13 19:51:50,012:INFO: - Val metrics: loss: 04.07; f1: 83.89; accuracy: 00.97
2025-02-13 19:51:50,057:INFO:              precision    recall  f1-score   support

        DIS      81.54     80.48     81.00       461
        POS      83.71     85.08     84.39       918
        LAB      79.88     75.42     77.59       179
        OPE      87.38     88.24     87.80       102
        SCR      93.98     89.66     91.76        87
        MED      88.43     87.61     88.02       218

avg / total      84.02     83.77     83.88      1965

2025-02-13 19:51:57,648:INFO: - Found new best F1
2025-02-13 19:51:57,648:INFO: Epoch 8/20
2025-02-13 19:54:24,669:INFO: - Val metrics: loss: 04.12; f1: 83.00; accuracy: 00.97
2025-02-13 19:54:24,714:INFO:              precision    recall  f1-score   support

        DIS      79.74     80.26     80.00       461
        POS      83.33     82.79     83.06       918
        LAB      80.35     77.65     78.98       179
        OPE      86.14     85.29     85.71       102
        SCR      96.25     88.51     92.22        87
        MED      90.69     84.86     87.68       218

avg / total      83.75     82.34     83.03      1965

2025-02-13 19:54:29,598:INFO: Epoch 9/20
2025-02-13 19:56:57,170:INFO: - Val metrics: loss: 04.35; f1: 82.49; accuracy: 00.97
2025-02-13 19:56:57,217:INFO:              precision    recall  f1-score   support

        DIS      79.70     80.04     79.87       461
        POS      82.83     80.94     81.87       918
        LAB      78.61     75.98     77.27       179
        OPE      87.00     85.29     86.14       102
        SCR      92.86     89.66     91.23        87
        MED      89.50     89.91     89.70       218

avg / total      83.11     81.88     82.49      1965

2025-02-13 19:57:02,201:INFO: Epoch 10/20
2025-02-13 19:59:31,534:INFO: - Val metrics: loss: 04.25; f1: 83.06; accuracy: 00.96
2025-02-13 19:59:31,571:INFO:              precision    recall  f1-score   support

        DIS      78.86     80.91     79.87       461
        POS      83.43     81.70     82.55       918
        LAB      83.43     78.77     81.03       179
        OPE      87.25     87.25     87.25       102
        SCR      91.86     90.80     91.33        87
        MED      88.13     88.53     88.33       218

avg / total      83.45     82.70     83.06      1965

2025-02-13 19:59:36,603:INFO: Epoch 11/20
2025-02-13 20:02:06,767:INFO: - Val metrics: loss: 04.19; f1: 83.31; accuracy: 00.97
2025-02-13 20:02:06,812:INFO:              precision    recall  f1-score   support

        DIS      81.22     77.87     79.51       461
        POS      82.23     83.66     82.94       918
        LAB      81.55     76.54     78.96       179
        OPE      87.13     86.27     86.70       102
        SCR      92.86     89.66     91.23        87
        MED      92.92     90.37     91.63       218

avg / total      83.84     82.80     83.30      1965

2025-02-13 20:02:11,784:INFO: Best val f1: 83.89
