2025-02-14 17:40:59,471:INFO: Model type: BERT_LSTM_CRF
2025-02-14 17:40:59,471:INFO: device: cuda
2025-02-14 17:40:59,471:INFO: Init pre-train model...
2025-02-14 17:41:00,168:INFO: -done
2025-02-14 17:41:00,169:INFO: Starting training for 20 epoch(s)
2025-02-14 17:41:00,890:INFO: Epoch 1/20
2025-02-14 17:42:48,082:INFO: - Val metrics: loss: 27.79; f1: 28.73; accuracy: 00.89
2025-02-14 17:42:48,146:INFO:              precision    recall  f1-score   support

        POS      30.41     38.56     34.01       918
        LAB      39.77     19.55     26.22       179
        MED      13.64      9.63     11.29       218
        DIS      23.06     23.21     23.14       461
        SCR      42.86     24.14     30.88        87
        OPE      29.32     38.24     33.19       102

avg / total      28.17     29.36     28.05      1965

2025-02-14 17:42:50,238:INFO: - Found new best F1
2025-02-14 17:42:50,238:INFO: Epoch 2/20
2025-02-14 17:44:47,527:INFO: - Val metrics: loss: 08.62; f1: 69.20; accuracy: 00.94
2025-02-14 17:44:47,572:INFO:              precision    recall  f1-score   support

        POS      72.94     72.22     72.58       918
        LAB      67.42     33.52     44.78       179
        MED      61.57     64.68     63.09       218
        DIS      74.03     61.82     67.38       461
        SCR      91.67     75.86     83.02        87
        OPE      78.70     83.33     80.95       102

avg / total      72.56     66.16     68.67      1965

2025-02-14 17:44:49,728:INFO: - Found new best F1
2025-02-14 17:44:49,728:INFO: Epoch 3/20
2025-02-14 17:46:39,721:INFO: - Val metrics: loss: 05.79; f1: 77.48; accuracy: 00.96
2025-02-14 17:46:39,765:INFO:              precision    recall  f1-score   support

        POS      78.46     79.74     79.09       918
        LAB      75.63     50.28     60.40       179
        MED      81.34     77.98     79.63       218
        DIS      77.73     74.19     75.92       461
        SCR      82.95     83.91     83.43        87
        OPE      83.81     86.27     85.02       102

avg / total      78.82     76.08     77.20      1965

2025-02-14 17:46:42,321:INFO: - Found new best F1
2025-02-14 17:46:42,321:INFO: Epoch 4/20
2025-02-14 17:48:30,585:INFO: - Val metrics: loss: 05.26; f1: 80.97; accuracy: 00.96
2025-02-14 17:48:30,631:INFO:              precision    recall  f1-score   support

        POS      81.22     82.90     82.05       918
        LAB      76.16     64.25     69.70       179
        MED      89.95     82.11     85.85       218
        DIS      78.77     78.09     78.43       461
        SCR      90.24     85.06     87.57        87
        OPE      82.57     88.24     85.31       102

avg / total      81.62     80.36     80.91      1965

2025-02-14 17:48:32,991:INFO: - Found new best F1
2025-02-14 17:48:32,991:INFO: Epoch 5/20
2025-02-14 17:50:13,022:INFO: - Val metrics: loss: 05.05; f1: 81.15; accuracy: 00.96
2025-02-14 17:50:13,065:INFO:              precision    recall  f1-score   support

        POS      82.39     82.57     82.48       918
        LAB      75.00     62.01     67.89       179
        MED      88.78     79.82     84.06       218
        DIS      80.48     80.48     80.48       461
        SCR      87.06     85.06     86.05        87
        OPE      80.73     86.27     83.41       102

avg / total      82.10     80.20     81.06      1965

2025-02-14 17:50:15,818:INFO: - Found new best F1
2025-02-14 17:50:15,818:INFO: Epoch 6/20
2025-02-14 17:52:06,054:INFO: - Val metrics: loss: 04.56; f1: 82.55; accuracy: 00.97
2025-02-14 17:52:06,100:INFO:              precision    recall  f1-score   support

        POS      82.22     84.64     83.41       918
        LAB      73.45     72.63     73.03       179
        MED      88.46     84.40     86.38       218
        DIS      81.96     79.83     80.88       461
        SCR      90.36     86.21     88.24        87
        OPE      82.73     89.22     85.85       102

avg / total      82.44     82.70     82.54      1965

2025-02-14 17:52:08,728:INFO: - Found new best F1
2025-02-14 17:52:08,728:INFO: Epoch 7/20
2025-02-14 17:53:54,833:INFO: - Val metrics: loss: 04.71; f1: 81.71; accuracy: 00.97
2025-02-14 17:53:54,876:INFO:              precision    recall  f1-score   support

        POS      82.52     82.79     82.65       918
        LAB      74.10     68.72     71.30       179
        MED      86.98     85.78     86.37       218
        DIS      79.83     79.83     79.83       461
        SCR      87.21     86.21     86.71        87
        OPE      83.18     87.25     85.17       102

avg / total      81.86     81.53     81.68      1965

2025-02-14 17:53:56,530:INFO: Epoch 8/20
2025-02-14 17:55:36,712:INFO: - Val metrics: loss: 04.96; f1: 82.09; accuracy: 00.97
2025-02-14 17:55:36,758:INFO:              precision    recall  f1-score   support

        POS      83.41     81.05     82.21       918
        LAB      80.23     77.09     78.63       179
        MED      87.79     85.78     86.77       218
        DIS      78.69     80.91     79.79       461
        SCR      88.37     87.36     87.86        87
        OPE      78.76     87.25     82.79       102

avg / total      82.48     81.78     82.10      1965

2025-02-14 17:55:38,518:INFO: Epoch 9/20
2025-02-14 17:57:15,130:INFO: - Val metrics: loss: 04.77; f1: 82.74; accuracy: 00.97
2025-02-14 17:57:15,175:INFO:              precision    recall  f1-score   support

        POS      82.21     82.57     82.39       918
        LAB      78.21     78.21     78.21       179
        MED      87.61     87.61     87.61       218
        DIS      80.13     81.34     80.73       461
        SCR      90.48     87.36     88.89        87
        OPE      86.54     88.24     87.38       102

avg / total      82.55     82.95     82.75      1965

2025-02-14 17:57:17,444:INFO: - Found new best F1
2025-02-14 17:57:17,444:INFO: Epoch 10/20
2025-02-14 17:59:02,416:INFO: - Val metrics: loss: 05.05; f1: 82.05; accuracy: 00.97
2025-02-14 17:59:02,479:INFO:              precision    recall  f1-score   support

        POS      81.45     82.24     81.84       918
        LAB      76.33     72.07     74.14       179
        MED      89.37     84.86     87.06       218
        DIS      81.70     81.34     81.52       461
        SCR      90.36     86.21     88.24        87
        OPE      82.24     86.27     84.21       102

avg / total      82.35     81.78     82.05      1965

2025-02-14 17:59:04,285:INFO: Epoch 11/20
2025-02-14 18:00:42,710:INFO: - Val metrics: loss: 05.07; f1: 82.63; accuracy: 00.97
2025-02-14 18:00:42,774:INFO:              precision    recall  f1-score   support

        POS      82.71     81.26     81.98       918
        LAB      79.43     77.65     78.53       179
        MED      90.38     86.24     88.26       218
        DIS      80.46     83.08     81.75       461
        SCR      88.89     82.76     85.71        87
        OPE      83.18     87.25     85.17       102

avg / total      83.03     82.29     82.64      1965

2025-02-14 18:00:44,605:INFO: Epoch 12/20
