2025-02-04 11:36:03,924:INFO: Model type: 'DeBERTa-MRC'
2025-02-04 11:36:03,924:INFO: device: cuda
2025-02-04 11:36:03,924:INFO: Init pre-train model...
2025-02-04 11:36:09,275:INFO: -done
2025-02-04 11:36:09,275:INFO: Starting training for 30 epoch(s)
2025-02-04 11:36:11,154:INFO: Epoch 1/30
2025-02-04 11:39:20,752:INFO: - Val metrics: loss: 03.35; f1: 22.75; acc: 00.96
2025-02-04 11:39:20,821:INFO:              precision    recall  f1-score   support

      实验室检验      25.00      2.08      3.85        96
       解剖部位      58.93     29.20     39.05       452
      疾病和诊断       7.69      0.45      0.84       224
       影像检查       0.00      0.00      0.00        46
         手术       0.00      0.00      0.00        37
         药物       0.00      0.00      0.00        77

avg / total      33.00     14.48     19.54       932

2025-02-04 11:39:26,901:INFO: - 找到新的最佳F1分数
2025-02-04 11:39:26,901:INFO: Epoch 2/30
2025-02-04 11:42:35,835:INFO: - Val metrics: loss: 01.78; f1: 61.61; acc: 00.97
2025-02-04 11:42:35,906:INFO:              precision    recall  f1-score   support

      实验室检验      22.22     39.58     28.46        96
       解剖部位      80.15     69.69     74.56       452
      疾病和诊断      62.01     49.55     55.09       224
       影像检查      90.00     78.26     83.72        46
         手术      64.29     72.97     68.35        37
         药物      46.67     54.55     50.30        77

avg / total      66.91     61.05     63.33       932

2025-02-04 11:42:44,492:INFO: - 找到新的最佳F1分数
2025-02-04 11:42:44,492:INFO: Epoch 3/30
2025-02-04 11:45:53,082:INFO: - Val metrics: loss: 01.09; f1: 78.85; acc: 00.99
2025-02-04 11:45:53,149:INFO:              precision    recall  f1-score   support

      实验室检验      50.00     60.42     54.72        96
       解剖部位      83.48     84.96     84.21       452
      疾病和诊断      82.27     74.55     78.22       224
       影像检查      83.02     95.65     88.89        46
         手术      75.00     81.08     77.92        37
         药物      78.08     74.03     76.00        77

avg / total      78.93     79.40     79.04       932

2025-02-04 11:46:01,811:INFO: - 找到新的最佳F1分数
2025-02-04 11:46:01,811:INFO: Epoch 4/30
2025-02-04 11:49:10,413:INFO: - Val metrics: loss: 00.99; f1: 79.27; acc: 00.99
2025-02-04 11:49:10,479:INFO:              precision    recall  f1-score   support

      实验室检验      45.59     64.58     53.45        96
       解剖部位      84.33     86.95     85.62       452
      疾病和诊断      79.43     74.11     76.67       224
       影像检查      83.33     86.96     85.11        46
         手术      75.61     83.78     79.49        37
         药物      86.30     81.82     84.00        77

avg / total      78.93     81.01     79.75       932

2025-02-04 11:49:18,454:INFO: - 找到新的最佳F1分数
2025-02-04 11:49:18,454:INFO: Epoch 5/30
2025-02-04 11:52:27,164:INFO: - Val metrics: loss: 00.96; f1: 81.38; acc: 00.99
2025-02-04 11:52:27,231:INFO:              precision    recall  f1-score   support

      实验室检验      69.90     75.00     72.36        96
       解剖部位      85.94     83.85     84.88       452
      疾病和诊断      76.42     78.12     77.26       224
       影像检查      72.88     93.48     81.90        46
         手术      81.58     83.78     82.67        37
         药物      80.72     87.01     83.75        77

avg / total      80.75     82.30     81.43       932

2025-02-04 11:52:35,507:INFO: - 找到新的最佳F1分数
2025-02-04 11:52:35,507:INFO: Epoch 6/30
2025-02-04 11:55:44,569:INFO: - Val metrics: loss: 01.05; f1: 79.34; acc: 00.99
2025-02-04 11:55:44,639:INFO:              precision    recall  f1-score   support

      实验室检验      52.10     64.58     57.67        96
       解剖部位      84.90     82.08     83.46       452
      疾病和诊断      80.77     75.00     77.78       224
       影像检查      89.13     89.13     89.13        46
         手术      88.57     83.78     86.11        37
         药物      74.73     88.31     80.95        77

avg / total      80.04     79.51     79.62       932

2025-02-04 11:55:49,159:INFO: Epoch 7/30
2025-02-04 11:58:57,840:INFO: - Val metrics: loss: 01.02; f1: 84.76; acc: 00.99
2025-02-04 11:58:57,908:INFO:              precision    recall  f1-score   support

      实验室检验      82.02     76.04     78.92        96
       解剖部位      86.21     87.17     86.69       452
      疾病和诊断      82.81     81.70     82.25       224
       影像检查      86.96     86.96     86.96        46
         手术      74.42     86.49     80.00        37
         药物      89.47     88.31     88.89        77

avg / total      84.80     84.76     84.75       932

2025-02-04 11:59:05,840:INFO: - 找到新的最佳F1分数
2025-02-04 11:59:05,840:INFO: Epoch 8/30
2025-02-04 12:02:14,584:INFO: - Val metrics: loss: 01.05; f1: 84.14; acc: 00.99
2025-02-04 12:02:14,651:INFO:              precision    recall  f1-score   support

      实验室检验      74.75     77.08     75.90        96
       解剖部位      87.73     85.40     86.55       452
      疾病和诊断      83.89     79.02     81.38       224
       影像检查      87.50     91.30     89.36        46
         手术      88.57     83.78     86.11        37
         药物      88.57     80.52     84.35        77

avg / total      85.56     82.83     84.15       932

2025-02-04 12:02:19,897:INFO: Epoch 9/30
2025-02-04 12:05:28,570:INFO: - Val metrics: loss: 01.09; f1: 82.83; acc: 00.99
2025-02-04 12:05:28,639:INFO:              precision    recall  f1-score   support

      实验室检验      57.72     73.96     64.84        96
       解剖部位      84.76     87.39     86.06       452
      疾病和诊断      80.80     80.80     80.80       224
       影像检查      91.11     89.13     90.11        46
         手术      83.78     83.78     83.78        37
         药物      89.74     90.91     90.32        77

avg / total      81.71     84.66     83.07       932

2025-02-04 12:05:35,676:INFO: Epoch 10/30
2025-02-04 12:08:44,464:INFO: - Val metrics: loss: 01.30; f1: 85.30; acc: 00.99
2025-02-04 12:08:44,533:INFO:              precision    recall  f1-score   support

      实验室检验      67.86     79.17     73.08        96
       解剖部位      86.16     90.93     88.48       452
      疾病和诊断      83.04     83.04     83.04       224
       影像检查      87.23     89.13     88.17        46
         手术      76.19     86.49     81.01        37
         药物      89.61     89.61     89.61        77

avg / total      83.47     87.45     85.37       932

2025-02-04 12:08:52,575:INFO: - 找到新的最佳F1分数
2025-02-04 12:08:52,575:INFO: Epoch 11/30
2025-02-04 12:12:01,502:INFO: - Val metrics: loss: 01.28; f1: 83.59; acc: 00.99
2025-02-04 12:12:01,571:INFO:              precision    recall  f1-score   support

      实验室检验      52.90     76.04     62.39        96
       解剖部位      87.04     89.16     88.09       452
      疾病和诊断      84.11     80.36     82.19       224
       影像检查      82.69     93.48     87.76        46
         手术      80.00     86.49     83.12        37
         药物      88.75     92.21     90.45        77

avg / total      82.47     86.05     84.00       932

2025-02-04 12:12:06,742:INFO: Epoch 12/30
2025-02-04 12:15:15,539:INFO: - Val metrics: loss: 01.20; f1: 84.36; acc: 00.99
2025-02-04 12:15:15,608:INFO:              precision    recall  f1-score   support

      实验室检验      67.59     76.04     71.57        96
       解剖部位      85.14     88.72     86.89       452
      疾病和诊断      83.94     81.70     82.81       224
       影像检查      87.23     89.13     88.17        46
         手术      76.19     86.49     81.01        37
         药物      87.65     92.21     89.87        77

avg / total      83.00     85.94     84.41       932

2025-02-04 12:15:20,553:INFO: Epoch 13/30
2025-02-04 12:18:29,401:INFO: - Val metrics: loss: 01.43; f1: 82.37; acc: 00.99
2025-02-04 12:18:29,470:INFO:              precision    recall  f1-score   support

      实验室检验      58.06     75.00     65.45        96
       解剖部位      87.36     85.62     86.48       452
      疾病和诊断      82.30     76.79     79.45       224
       影像检查      89.13     89.13     89.13        46
         手术      68.18     81.08     74.07        37
         药物      89.87     92.21     91.03        77

avg / total      82.66     82.94     82.64       932

2025-02-04 12:18:34,149:INFO: Epoch 14/30
2025-02-04 12:21:42,901:INFO: - Val metrics: loss: 01.32; f1: 84.32; acc: 00.99
2025-02-04 12:21:42,972:INFO:              precision    recall  f1-score   support

      实验室检验      62.26     68.75     65.35        96
       解剖部位      88.11     88.50     88.30       452
      疾病和诊断      83.26     79.91     81.55       224
       影像检查      91.30     91.30     91.30        46
         手术      79.49     83.78     81.58        37
         药物      90.91     90.91     90.91        77

avg / total      84.33     84.55     84.41       932

2025-02-04 12:21:47,578:INFO: 最佳验证F1分数: 85.30
2025-02-13 20:28:56,843:INFO: Model type: 'DeBERTa-MRC'
2025-02-13 20:28:56,843:INFO: device: cuda
2025-02-13 20:28:56,843:INFO: Init pre-train model...
2025-02-13 20:29:03,368:INFO: -done
2025-02-13 20:29:03,369:INFO: Starting training for 10 epoch(s)
2025-02-13 20:29:03,588:INFO: 从缓存加载train数据: /root/mrc_ner/PreModel---/PreModel_MRC/data/train.cache.128
2025-02-13 20:29:04,439:INFO: 最终得到17777个特征
2025-02-13 20:29:04,447:INFO: 从缓存加载val数据: /root/mrc_ner/PreModel---/PreModel_MRC/data/val.cache.128
2025-02-13 20:29:04,537:INFO: 最终得到1942个特征
2025-02-13 20:29:04,537:INFO: 从/root/mrc_ner/PreModel---/PreModel_MRC/model/ex4/best.pth.tar恢复参数
2025-02-13 20:29:10,323:INFO: 从/root/mrc_ner/PreModel---/PreModel_MRC/model/ex4/best.pth.tar恢复参数
2025-02-13 20:29:12,337:INFO: Epoch 1/10
2025-02-13 20:29:12,337:INFO: 当前学习率: 1.4814814814814815e-05
2025-02-13 20:34:43,635:INFO: Model type: 'DeBERTa-MRC'
2025-02-13 20:34:43,635:INFO: device: cuda
2025-02-13 20:34:43,635:INFO: Init pre-train model...
2025-02-13 20:34:48,132:INFO: -done
2025-02-13 20:34:48,133:INFO: Starting training for 10 epoch(s)
2025-02-13 20:34:48,305:INFO: 从缓存加载train数据: /root/mrc_ner/PreModel---/PreModel_MRC/data/train.cache.128
2025-02-13 20:34:49,165:INFO: 最终得到17777个特征
2025-02-13 20:34:49,172:INFO: 从缓存加载val数据: /root/mrc_ner/PreModel---/PreModel_MRC/data/val.cache.128
2025-02-13 20:34:49,264:INFO: 最终得到1942个特征
2025-02-13 20:34:49,265:INFO: 从/root/mrc_ner/PreModel---/PreModel_MRC/model/ex4/best.pth.tar恢复参数
2025-02-13 20:34:52,387:INFO: 从/root/mrc_ner/PreModel---/PreModel_MRC/model/ex4/best.pth.tar恢复参数
2025-02-13 20:34:54,245:INFO: Epoch 1/10
2025-02-13 20:34:54,246:INFO: 当前学习率: 1.4814814814814815e-05
2025-02-13 20:41:22,375:INFO: - Val metrics: loss: 01.18; f1_strict: 00.00; f1_loose: 85.67; acc: 00.99
2025-02-13 20:41:22,375:INFO: 
严格匹配模式评估报告:
2025-02-13 20:51:05,851:INFO: Model type: 'DeBERTa-MRC'
2025-02-13 20:51:05,851:INFO: device: cuda
2025-02-13 20:51:05,851:INFO: Init pre-train model...
2025-02-13 20:51:11,430:INFO: -done
2025-02-13 20:51:11,431:INFO: Starting training for 10 epoch(s)
2025-02-13 20:51:11,624:INFO: 从缓存加载train数据: /root/mrc_ner/PreModel---/PreModel_MRC/data/train.cache.128
2025-02-13 20:51:12,457:INFO: 最终得到17777个特征
2025-02-13 20:51:12,502:INFO: 采样后的训练数据数量: 1777
2025-02-13 20:51:12,507:INFO: 从缓存加载val数据: /root/mrc_ner/PreModel---/PreModel_MRC/data/val.cache.128
2025-02-13 20:51:12,593:INFO: 最终得到1942个特征
2025-02-13 20:51:12,593:INFO: 使用10.0%的训练数据进行快速验证
2025-02-13 20:51:12,593:INFO: 从/root/mrc_ner/PreModel---/PreModel_MRC/model/ex4/best.pth.tar恢复参数
2025-02-13 20:51:15,571:INFO: 从/root/mrc_ner/PreModel---/PreModel_MRC/model/ex4/best.pth.tar恢复参数
2025-02-13 20:51:18,361:INFO: Epoch 1/10
2025-02-13 20:51:18,362:INFO: 当前学习率: 1.4814814814814815e-05
2025-02-13 20:52:10,072:INFO: - Val metrics: loss: 01.30; f1: 85.64; relaxed_f1: 93.63; acc: 00.99
2025-02-13 20:52:10,073:INFO: 
严格匹配评估报告:
2025-02-13 20:52:10,151:INFO:              precision    recall  f1-score   support

       解剖部位      86.16     90.93     88.48       452
      疾病和诊断      83.04     83.04     83.04       224
      实验室检验      68.47     79.17     73.43        96
         手术      83.12     91.43     87.07        70
       影像检查      87.23     89.13     88.17        46
         药物      89.61     89.61     89.61        77

avg / total      83.78     87.77     85.69       965

2025-02-13 20:52:10,151:INFO: 
宽松匹配评估报告:
2025-02-13 20:52:10,242:INFO:                        precision    recall  f1-score   support

                实验室检验      80.18     92.71     85.99        96
                 影像检查      93.62     95.65     94.62        46
                   手术      88.31     97.14     92.52        70
                疾病和诊断      93.30     93.30     93.30       224
                   药物      96.10     96.10     96.10        77
                 解剖部位      92.66     97.79     95.16       452

avg / total (relaxed)      91.57     95.96     93.67       965

2025-02-13 20:52:16,682:INFO: - 找到新的最佳F1分数: 85.6421
2025-02-13 20:52:16,682:INFO: Epoch 2/10
2025-02-13 20:52:16,682:INFO: 当前学习率: 2e-05
2025-02-13 21:03:47,851:INFO: Model type: 'DeBERTa-MRC'
2025-02-13 21:03:47,851:INFO: device: cuda
2025-02-13 21:03:47,851:INFO: Init pre-train model...
2025-02-13 21:03:52,391:INFO: -done
2025-02-13 21:03:52,391:INFO: Starting training for 10 epoch(s)
2025-02-13 21:03:52,608:INFO: 从缓存加载train数据: /root/mrc_ner/PreModel---/PreModel_MRC/data/train.cache.128
2025-02-13 21:03:53,469:INFO: 最终得到17777个特征
2025-02-13 21:03:53,514:INFO: 采样后的训练数据数量: 177
2025-02-13 21:03:53,519:INFO: 从缓存加载val数据: /root/mrc_ner/PreModel---/PreModel_MRC/data/val.cache.128
2025-02-13 21:03:53,603:INFO: 最终得到1942个特征
2025-02-13 21:03:53,603:INFO: 使用1.0%的训练数据进行快速验证
2025-02-13 21:03:53,603:INFO: 从/root/mrc_ner/PreModel---/PreModel_MRC/model/ex4/best.pth.tar恢复参数
2025-02-13 21:03:56,757:INFO: 从/root/mrc_ner/PreModel---/PreModel_MRC/model/ex4/best.pth.tar恢复参数
2025-02-13 21:03:59,642:INFO: Epoch 1/10
2025-02-13 21:03:59,642:INFO: 当前学习率: 2e-05
2025-02-13 21:04:17,710:INFO: - Val metrics: loss: 01.30; f1: 85.64; relaxed_f1: 93.63; acc: 00.99
2025-02-13 21:04:17,710:INFO: 
严格匹配评估报告:
2025-02-13 21:04:17,780:INFO:              precision    recall  f1-score   support

       解剖部位      86.16     90.93     88.48       452
      实验室检验      68.47     79.17     73.43        96
      疾病和诊断      83.04     83.04     83.04       224
         药物      89.61     89.61     89.61        77
         手术      83.12     91.43     87.07        70
       影像检查      87.23     89.13     88.17        46

avg / total      83.78     87.77     85.69       965

2025-02-13 21:04:17,780:INFO: 
宽松匹配评估报告:
2025-02-13 21:04:17,912:INFO:                        precision    recall  f1-score   support

                实验室检验      80.18     92.71     85.99        96
                 影像检查      93.62     95.65     94.62        46
                   手术      88.31     97.14     92.52        70
                疾病和诊断      93.30     93.30     93.30       224
                   药物      96.10     96.10     96.10        77
                 解剖部位      92.66     97.79     95.16       452

avg / total (relaxed)      91.57     95.96     93.67       965

2025-02-13 21:04:24,490:INFO: - 找到新的最佳F1分数: 85.6421
2025-02-13 21:04:24,490:INFO: Epoch 2/10
2025-02-13 21:04:24,490:INFO: 当前学习率: 2e-05
2025-02-13 21:04:42,248:INFO: - Val metrics: loss: 01.19; f1: 84.06; relaxed_f1: 92.82; acc: 00.99
2025-02-13 21:04:42,248:INFO: 
严格匹配评估报告:
2025-02-13 21:04:42,319:INFO:              precision    recall  f1-score   support

       解剖部位      86.45     88.94     87.68       452
      实验室检验      64.35     77.08     70.14        96
      疾病和诊断      81.57     79.02     80.27       224
         药物      85.90     87.01     86.45        77
         手术      83.12     91.43     87.07        70
       影像检查      89.13     89.13     89.13        46

avg / total      82.96     85.49     84.14       965

2025-02-13 21:04:42,319:INFO: 
宽松匹配评估报告:
2025-02-13 21:04:42,439:INFO:                        precision    recall  f1-score   support

                实验室检验      78.26     93.75     85.31        96
                 影像检查      95.65     95.65     95.65        46
                   手术      88.31     97.14     92.52        70
                疾病和诊断      93.55     90.62     92.06       224
                   药物      93.59     94.81     94.19        77
                 解剖部位      93.12     95.80     94.44       452

avg / total (relaxed)      91.55     94.40     92.88       965

2025-02-13 21:04:42,442:INFO: - F1分数未提升: 84.0550
2025-02-13 21:04:42,442:INFO: Epoch 3/10
2025-02-13 21:04:42,442:INFO: 当前学习率: 1.7777777777777777e-05
2025-02-13 21:05:00,339:INFO: - Val metrics: loss: 01.02; f1: 81.46; relaxed_f1: 91.25; acc: 00.99
2025-02-13 21:05:00,340:INFO: 
严格匹配评估报告:
2025-02-13 21:05:00,407:INFO:              precision    recall  f1-score   support

       解剖部位      86.04     83.19     84.59       452
      实验室检验      62.62     69.79     66.01        96
      疾病和诊断      82.52     75.89     79.07       224
         药物      85.90     87.01     86.45        77
         手术      77.78     90.00     83.44        70
       影像检查      84.78     84.78     84.78        46

avg / total      82.22     81.04     81.53       965

2025-02-13 21:05:00,407:INFO: 
宽松匹配评估报告:
2025-02-13 21:05:00,528:INFO:                        precision    recall  f1-score   support

                实验室检验      76.64     85.42     80.79        96
                 影像检查      93.48     93.48     93.48        46
                   手术      82.72     95.71     88.74        70
                疾病和诊断      94.17     86.61     90.23       224
                   药物      92.31     93.51     92.90        77
                 解剖部位      95.65     92.48     94.04       452

avg / total (relaxed)      92.11     90.78     91.34       965

2025-02-13 21:05:00,530:INFO: - F1分数未提升: 81.4583
2025-02-13 21:05:00,530:INFO: Epoch 4/10
2025-02-13 21:05:00,530:INFO: 当前学习率: 1.555555555555556e-05
2025-02-13 21:05:18,478:INFO: - Val metrics: loss: 01.02; f1: 81.35; relaxed_f1: 91.16; acc: 00.99
2025-02-13 21:05:18,478:INFO: 
严格匹配评估报告:
2025-02-13 21:05:18,557:INFO:              precision    recall  f1-score   support

       解剖部位      86.19     85.62     85.90       452
      实验室检验      54.26     72.92     62.22        96
      疾病和诊断      82.19     80.36     81.26       224
         药物      84.81     87.01     85.90        77
         手术      67.78     87.14     76.25        70
       影像检查      83.33     86.96     85.11        46

avg / total      80.50     83.42     81.73       965

2025-02-13 21:05:18,557:INFO: 
宽松匹配评估报告:
2025-02-13 21:05:18,694:INFO:                        precision    recall  f1-score   support

                实验室检验      66.67     89.58     76.44        96
                 影像检查      89.58     93.48     91.49        46
                   手术      81.11    104.29     91.25        70
                疾病和诊断      93.15     91.07     92.10       224
                   药物      91.14     93.51     92.31        77
                 解剖部位      94.43     93.81     94.12       452

avg / total (relaxed)      89.91     93.47     91.41       965

2025-02-13 21:05:18,696:INFO: - F1分数未提升: 81.3542
2025-02-13 21:05:18,696:INFO: Epoch 5/10
2025-02-13 21:05:18,697:INFO: 当前学习率: 1.3333333333333333e-05
2025-02-13 21:05:36,728:INFO: - Val metrics: loss: 00.88; f1: 81.21; relaxed_f1: 92.27; acc: 00.99
2025-02-13 21:05:36,729:INFO: 
严格匹配评估报告:
2025-02-13 21:05:36,803:INFO:              precision    recall  f1-score   support

       解剖部位      85.05     85.62     85.34       452
      实验室检验      60.71     70.83     65.38        96
      疾病和诊断      79.91     76.34     78.08       224
         药物      84.81     87.01     85.90        77
         手术      72.29     85.71     78.43        70
       影像检查      88.89     86.96     87.91        46

avg / total      80.68     82.18     81.33       965

2025-02-13 21:05:36,803:INFO: 
宽松匹配评估报告:
2025-02-13 21:05:36,925:INFO:                        precision    recall  f1-score   support

                实验室检验      75.89     88.54     81.73        96
                 影像检查      95.56     93.48     94.51        46
                   手术      86.75    102.86     94.12        70
                疾病和诊断      93.46     89.29     91.32       224
                   药物      91.14     93.51     92.31        77
                 解剖部位      94.29     94.91     94.60       452

avg / total (relaxed)      91.53     93.37     92.34       965

2025-02-13 21:05:36,928:INFO: - F1分数未提升: 81.2084
2025-02-13 21:05:36,928:INFO: 最佳验证F1分数: 85.64
