2025-02-02 19:13:21,463:INFO: Model type: 'NEZHA-MRC'
2025-02-02 19:13:21,463:INFO: device: cuda
2025-02-02 19:13:21,463:INFO: Init pre-train model...
2025-02-02 19:16:02,616:INFO: Model type: 'NEZHA-MRC'
2025-02-02 19:16:02,617:INFO: device: cuda
2025-02-02 19:16:02,617:INFO: Init pre-train model...
2025-02-02 19:18:24,244:INFO: Model type: 'NEZHA-MRC'
2025-02-02 19:18:24,245:INFO: device: cuda
2025-02-02 19:18:24,245:INFO: Init pre-train model...
2025-02-02 19:22:28,289:INFO: Model type: 'NEZHA-MRC'
2025-02-02 19:22:28,290:INFO: device: cuda
2025-02-02 19:22:28,290:INFO: Init pre-train model...
2025-02-02 19:22:32,973:INFO: -done
2025-02-02 19:22:32,973:INFO: Starting training for 2 epoch(s)
2025-02-02 19:22:52,214:INFO: Epoch 1/2
2025-02-02 22:33:10,601:INFO: Model type: 'NEZHA-MRC'
2025-02-02 22:33:10,601:INFO: device: cuda
2025-02-02 22:33:10,601:INFO: Init pre-train model...
2025-02-02 22:33:12,969:INFO: -done
2025-02-02 22:33:12,970:INFO: Starting training for 30 epoch(s)
2025-02-02 22:33:16,467:INFO: Epoch 1/30
2025-02-02 22:35:32,641:INFO: - Val metrics: loss: 05.31; f1: 01.09; acc: 00.95
2025-02-02 22:35:32,756:INFO:              precision    recall  f1-score   support

       解剖部位      68.75      1.16      2.29       946
      疾病和诊断       0.00      0.00      0.00       451
         手术       0.00      0.00      0.00       107
         药物       0.00      0.00      0.00       225
      实验室检验       0.00      0.00      0.00       182
       影像检查       0.00      0.00      0.00        85

avg / total      32.58      0.55      1.08      1996

2025-02-02 22:35:35,381:INFO: - 找到新的最佳F1分数
2025-02-02 22:35:35,382:INFO: Epoch 2/30
2025-02-02 22:35:53,368:INFO: Model type: 'NEZHA-MRC'
2025-02-02 22:35:53,368:INFO: device: cuda
2025-02-02 22:35:53,368:INFO: Init pre-train model...
2025-02-02 22:35:55,332:INFO: -done
2025-02-02 22:35:55,332:INFO: Starting training for 30 epoch(s)
2025-02-02 22:35:57,666:INFO: Epoch 1/30
2025-02-02 22:37:36,180:INFO: - Val metrics: loss: 08.17; f1: 00.00; acc: 00.95
2025-02-02 22:37:36,303:INFO:              precision    recall  f1-score   support

       解剖部位       0.00      0.00      0.00       946
         药物       0.00      0.00      0.00       225
      疾病和诊断       0.00      0.00      0.00       451
         手术       0.00      0.00      0.00       107
       影像检查       0.00      0.00      0.00        85
      实验室检验       0.00      0.00      0.00       182

avg / total       0.00      0.00      0.00      1996

2025-02-02 22:37:38,747:INFO: Epoch 2/30
2025-02-02 22:39:20,344:INFO: - Val metrics: loss: 05.75; f1: 15.12; acc: 00.93
2025-02-02 22:39:20,473:INFO:              precision    recall  f1-score   support

       解剖部位      28.90     31.71     30.24       946
         药物       6.08     10.67      7.74       225
      疾病和诊断       0.54      0.44      0.49       451
         手术       0.00      0.00      0.00       107
       影像检查       0.00      0.00      0.00        85
      实验室检验       0.00      0.00      0.00       182

avg / total      14.51     16.33     15.32      1996

2025-02-02 22:39:24,449:INFO: - 找到新的最佳F1分数
2025-02-02 22:39:24,450:INFO: Epoch 3/30
2025-02-02 22:41:07,076:INFO: - Val metrics: loss: 04.14; f1: 20.91; acc: 00.94
2025-02-02 22:41:07,200:INFO:              precision    recall  f1-score   support

       解剖部位      32.06     32.77     32.41       946
         药物      12.50      0.89      1.66       225
      疾病和诊断       0.00      0.00      0.00       451
         手术       0.00      0.00      0.00       107
       影像检查       0.00      0.00      0.00        85
      实验室检验       0.00      0.00      0.00       182

avg / total      16.60     15.63     15.55      1996

2025-02-02 22:41:10,692:INFO: - 找到新的最佳F1分数
2025-02-02 22:41:10,692:INFO: Epoch 4/30
2025-02-02 22:42:51,583:INFO: - Val metrics: loss: 03.21; f1: 27.52; acc: 00.94
2025-02-02 22:42:51,704:INFO:              precision    recall  f1-score   support

       解剖部位      38.20     36.26     37.20       946
         药物      54.92     29.78     38.62       225
      疾病和诊断      19.25      6.87     10.13       451
         手术       0.00      0.00      0.00       107
       影像检查       0.00      0.00      0.00        85
      实验室检验       5.41      1.10      1.83       182

avg / total      29.14     22.19     24.44      1996

2025-02-02 22:42:55,769:INFO: - 找到新的最佳F1分数
2025-02-02 22:42:55,770:INFO: Epoch 5/30
2025-02-02 22:44:35,222:INFO: - Val metrics: loss: 02.60; f1: 36.34; acc: 00.94
2025-02-02 22:44:35,341:INFO:              precision    recall  f1-score   support

       解剖部位      52.18     43.02     47.16       946
         药物      59.89     47.11     52.74       225
      疾病和诊断      22.86      7.10     10.83       451
         手术      27.27      2.80      5.08       107
       影像检查      37.61     51.76     43.56        85
      实验室检验      13.61     10.99     12.16       182

avg / total      40.95     30.66     33.98      1996

2025-02-02 22:44:38,785:INFO: - 找到新的最佳F1分数
2025-02-02 22:44:38,786:INFO: Epoch 6/30
2025-02-02 22:46:18,703:INFO: - Val metrics: loss: 01.74; f1: 46.63; acc: 00.95
2025-02-02 22:46:18,832:INFO:              precision    recall  f1-score   support

       解剖部位      65.66     50.74     57.25       946
         药物      74.55     54.67     63.08       225
      疾病和诊断      40.94     23.06     29.50       451
         手术      15.28     10.28     12.29       107
       影像检查      51.89     64.71     57.59        85
      实验室检验      24.53     21.43     22.87       182

avg / total      54.04     40.68     46.11      1996

2025-02-02 22:46:22,958:INFO: - 找到新的最佳F1分数
2025-02-02 22:46:22,958:INFO: Epoch 7/30
2025-02-02 22:48:01,070:INFO: - Val metrics: loss: 01.48; f1: 62.07; acc: 00.97
2025-02-02 22:48:01,202:INFO:              precision    recall  f1-score   support

       解剖部位      76.69     63.64     69.56       946
         药物      83.80     66.67     74.26       225
      疾病和诊断      71.31     37.47     49.13       451
         手术      61.11     30.84     40.99       107
       影像检查      68.75     77.65     72.93        85
      实验室检验      44.85     33.52     38.36       182

avg / total      72.20     54.16     61.24      1996

2025-02-02 22:48:05,081:INFO: - 找到新的最佳F1分数
2025-02-02 22:48:05,081:INFO: Epoch 8/30
2025-02-02 22:49:42,334:INFO: - Val metrics: loss: 01.09; f1: 64.45; acc: 00.97
2025-02-02 22:49:42,451:INFO:              precision    recall  f1-score   support

       解剖部位      74.11     65.64     69.62       946
         药物      80.40     71.11     75.47       225
      疾病和诊断      67.25     51.00     58.01       451
         手术      60.00     56.07     57.97       107
       影像检查      61.21     83.53     70.65        85
      实验室检验      39.90     43.41     41.58       182

avg / total      68.84     61.17     64.52      1996

2025-02-02 22:49:45,715:INFO: - 找到新的最佳F1分数
2025-02-02 22:49:45,715:INFO: Epoch 9/30
2025-02-02 22:51:24,290:INFO: - Val metrics: loss: 00.98; f1: 69.43; acc: 00.97
2025-02-02 22:51:24,415:INFO:              precision    recall  f1-score   support

       解剖部位      74.65     72.83     73.73       946
         药物      82.18     73.78     77.75       225
      疾病和诊断      71.09     59.42     64.73       451
         手术      69.15     60.75     64.68       107
       影像检查      66.99     81.18     73.40        85
      实验室检验      50.62     45.05     47.67       182

avg / total      71.88     67.08     69.28      1996

2025-02-02 22:51:28,470:INFO: - 找到新的最佳F1分数
2025-02-02 22:51:28,470:INFO: Epoch 10/30
2025-02-02 22:53:06,890:INFO: - Val metrics: loss: 00.95; f1: 71.92; acc: 00.98
2025-02-02 22:53:07,013:INFO:              precision    recall  f1-score   support

       解剖部位      78.37     74.31     76.29       946
         药物      82.08     77.33     79.63       225
      疾病和诊断      72.73     63.86     68.00       451
         手术      76.60     67.29     71.64       107
       影像检查      68.32     81.18     74.19        85
      实验室检验      48.39     49.45     48.91       182

avg / total      74.26     69.94     71.96      1996

2025-02-02 22:53:10,538:INFO: - 找到新的最佳F1分数
2025-02-02 22:53:10,538:INFO: Epoch 11/30
2025-02-02 22:54:49,181:INFO: - Val metrics: loss: 00.81; f1: 73.26; acc: 00.98
2025-02-02 22:54:49,314:INFO:              precision    recall  f1-score   support

       解剖部位      79.32     76.22     77.74       946
         药物      79.91     81.33     80.62       225
      疾病和诊断      69.57     67.41     68.47       451
         手术      75.51     69.16     72.20       107
       影像检查      67.96     82.35     74.47        85
      实验室检验      50.71     58.79     54.45       182

avg / total      73.89     73.10     73.41      1996

2025-02-02 22:54:52,848:INFO: - 找到新的最佳F1分数
2025-02-02 22:54:52,848:INFO: Epoch 12/30
2025-02-02 22:56:32,334:INFO: - Val metrics: loss: 00.90; f1: 74.10; acc: 00.98
2025-02-02 22:56:32,458:INFO:              precision    recall  f1-score   support

       解剖部位      73.90     79.92     76.79       946
         药物      79.30     80.00     79.65       225
      疾病和诊断      74.29     69.84     72.00       451
         手术      76.24     71.96     74.04       107
       影像检查      73.00     85.88     78.92        85
      实验室检验      54.45     57.14     55.76       182

avg / total      72.91     75.40     74.06      1996

2025-02-02 22:56:35,977:INFO: - 找到新的最佳F1分数
2025-02-02 22:56:35,977:INFO: Epoch 13/30
2025-02-02 22:58:12,254:INFO: - Val metrics: loss: 00.77; f1: 74.38; acc: 00.98
2025-02-02 22:58:12,383:INFO:              precision    recall  f1-score   support

       解剖部位      78.23     79.39     78.80       946
         药物      74.39     81.33     77.71       225
      疾病和诊断      71.08     70.29     70.68       451
         手术      79.21     74.77     76.92       107
       影像检查      69.16     87.06     77.08        85
      实验室检验      52.04     56.04     53.97       182

avg / total      73.46     75.50     74.41      1996

2025-02-02 22:58:16,191:INFO: - 找到新的最佳F1分数
2025-02-02 22:58:16,191:INFO: Epoch 14/30
2025-02-02 22:59:55,686:INFO: - Val metrics: loss: 00.82; f1: 75.85; acc: 00.98
2025-02-02 22:59:55,822:INFO:              precision    recall  f1-score   support

       解剖部位      79.52     81.29     80.40       946
         药物      75.72     81.78     78.63       225
      疾病和诊断      72.83     72.51     72.67       451
         手术      77.88     75.70     76.78       107
       影像检查      68.22     85.88     76.04        85
      实验室检验      51.97     65.38     57.91       182

avg / total      74.50     77.81     76.02      1996

2025-02-02 22:59:59,457:INFO: - 找到新的最佳F1分数
2025-02-02 22:59:59,457:INFO: Epoch 15/30
2025-02-02 23:01:38,848:INFO: - Val metrics: loss: 00.65; f1: 77.85; acc: 00.98
2025-02-02 23:01:38,968:INFO:              precision    recall  f1-score   support

       解剖部位      80.23     80.23     80.23       946
         药物      84.30     83.56     83.93       225
      疾病和诊断      78.37     72.28     75.20       451
         手术      85.57     77.57     81.37       107
       影像检查      75.79     84.71     80.00        85
      实验室检验      58.37     67.03     62.40       182

avg / total      78.37     77.66     77.94      1996

2025-02-02 23:01:42,525:INFO: - 找到新的最佳F1分数
2025-02-02 23:01:42,525:INFO: Epoch 16/30
2025-02-02 23:03:23,380:INFO: - Val metrics: loss: 00.63; f1: 78.93; acc: 00.98
2025-02-02 23:03:23,497:INFO:              precision    recall  f1-score   support

       解剖部位      80.40     81.08     80.74       946
         药物      85.27     84.89     85.08       225
      疾病和诊断      78.44     73.39     75.83       451
         手术      85.86     79.44     82.52       107
       影像检查      78.49     85.88     82.02        85
      实验室检验      63.05     70.33     66.49       182

avg / total      79.13     78.91     78.97      1996

2025-02-02 23:03:27,372:INFO: - 找到新的最佳F1分数
2025-02-02 23:03:27,372:INFO: Epoch 17/30
2025-02-02 23:05:11,836:INFO: - Val metrics: loss: 00.61; f1: 78.58; acc: 00.98
2025-02-02 23:05:11,972:INFO:              precision    recall  f1-score   support

       解剖部位      81.73     81.82     81.77       946
         药物      81.74     83.56     82.64       225
      疾病和诊断      77.57     72.06     74.71       451
         手术      84.31     80.37     82.30       107
       影像检查      75.26     85.88     80.22        85
      实验室检验      59.53     70.33     64.48       182

avg / total      78.63     78.86     78.66      1996

2025-02-02 23:05:14,481:INFO: Epoch 18/30
2025-02-02 23:06:51,225:INFO: - Val metrics: loss: 00.61; f1: 79.32; acc: 00.98
2025-02-02 23:06:51,353:INFO:              precision    recall  f1-score   support

       解剖部位      81.49     83.30     82.38       946
         药物      82.17     84.00     83.08       225
      疾病和诊断      78.01     74.72     76.33       451
         手术      84.62     82.24     83.41       107
       影像检查      75.26     85.88     80.22        85
      实验室检验      60.59     67.58     63.90       182

avg / total      78.78     80.06     79.37      1996

2025-02-02 23:06:54,657:INFO: - 找到新的最佳F1分数
2025-02-02 23:06:54,657:INFO: Epoch 19/30
2025-02-02 23:08:30,222:INFO: - Val metrics: loss: 00.67; f1: 78.65; acc: 00.98
2025-02-02 23:08:30,350:INFO:              precision    recall  f1-score   support

       解剖部位      78.94     83.62     81.21       946
         药物      79.32     83.56     81.39       225
      疾病和诊断      77.03     75.83     76.42       451
         手术      83.50     80.37     81.90       107
       影像检查      72.73     84.71     78.26        85
      实验室检验      62.56     69.78     65.97       182

avg / total      77.04     80.46     78.67      1996

2025-02-02 23:08:32,735:INFO: Epoch 20/30
2025-02-02 23:10:09,839:INFO: - Val metrics: loss: 00.59; f1: 79.58; acc: 00.98
2025-02-02 23:10:09,962:INFO:              precision    recall  f1-score   support

       解剖部位      81.57     82.35     81.96       946
         药物      81.30     83.11     82.20       225
      疾病和诊断      78.82     74.28     76.48       451
         手术      86.60     78.50     82.35       107
       影像检查      76.84     85.88     81.11        85
      实验室检验      67.36     71.43     69.33       182

avg / total      79.69     79.56     79.58      1996

2025-02-02 23:10:13,625:INFO: - 找到新的最佳F1分数
2025-02-02 23:10:13,625:INFO: Epoch 21/30
2025-02-02 23:11:52,655:INFO: - Val metrics: loss: 00.54; f1: 79.60; acc: 00.98
2025-02-02 23:11:52,778:INFO:              precision    recall  f1-score   support

       解剖部位      82.66     82.14     82.40       946
         药物      80.70     81.78     81.24       225
      疾病和诊断      76.82     74.94     75.87       451
         手术      82.57     84.11     83.33       107
       影像检查      77.32     88.24     82.42        85
      实验室检验      66.00     72.53     69.11       182

avg / total      79.37     79.96     79.63      1996

2025-02-02 23:11:56,508:INFO: - 找到新的最佳F1分数
2025-02-02 23:11:56,508:INFO: Epoch 22/30
2025-02-02 23:13:37,460:INFO: - Val metrics: loss: 00.56; f1: 79.61; acc: 00.98
2025-02-02 23:13:37,576:INFO:              precision    recall  f1-score   support

       解剖部位      82.57     81.61     82.08       946
         药物      81.86     82.22     82.04       225
      疾病和诊断      78.45     74.28     76.31       451
         手术      83.81     82.24     83.02       107
       影像检查      76.84     85.88     81.11        85
      实验室检验      68.09     70.33     69.19       182

avg / total      80.06     79.21     79.61      1996

2025-02-02 23:13:40,835:INFO: - 找到新的最佳F1分数
2025-02-02 23:13:40,835:INFO: Epoch 23/30
2025-02-02 23:15:21,209:INFO: - Val metrics: loss: 00.55; f1: 79.86; acc: 00.98
2025-02-02 23:15:21,343:INFO:              precision    recall  f1-score   support

       解剖部位      82.23     82.66     82.45       946
         药物      81.39     83.56     82.46       225
      疾病和诊断      77.08     76.05     76.56       451
         手术      84.62     82.24     83.41       107
       影像检查      81.52     88.24     84.75        85
      实验室检验      64.65     70.33     67.37       182

avg / total      79.46     80.36     79.89      1996

2025-02-02 23:15:25,676:INFO: - 找到新的最佳F1分数
2025-02-02 23:15:25,676:INFO: Epoch 24/30
2025-02-02 23:17:02,767:INFO: - Val metrics: loss: 00.56; f1: 79.77; acc: 00.98
2025-02-02 23:17:02,897:INFO:              precision    recall  f1-score   support

       解剖部位      81.63     82.66     82.14       946
         药物      82.30     82.67     82.48       225
      疾病和诊断      77.85     75.61     76.72       451
         手术      84.76     83.18     83.96       107
       影像检查      79.35     85.88     82.49        85
      实验室检验      66.67     69.23     67.92       182

avg / total      79.56     80.01     79.77      1996

2025-02-02 23:17:05,410:INFO: Epoch 25/30
2025-02-02 23:18:43,526:INFO: - Val metrics: loss: 00.55; f1: 80.08; acc: 00.98
2025-02-02 23:18:43,653:INFO:              precision    recall  f1-score   support

       解剖部位      82.43     83.30     82.86       946
         药物      82.02     83.11     82.56       225
      疾病和诊断      77.20     75.83     76.51       451
         手术      84.40     85.98     85.19       107
       影像检查      79.57     87.06     83.15        85
      实验室检验      64.80     69.78     67.20       182

avg / total      79.58     80.66     80.10      1996

2025-02-02 23:18:47,209:INFO: - 找到新的最佳F1分数
2025-02-02 23:18:47,209:INFO: Epoch 26/30
2025-02-02 23:20:26,744:INFO: - Val metrics: loss: 00.52; f1: 80.12; acc: 00.98
2025-02-02 23:20:26,870:INFO:              precision    recall  f1-score   support

       解剖部位      83.09     82.56     82.82       946
         药物      82.30     82.67     82.48       225
      疾病和诊断      77.83     76.27     77.04       451
         手术      87.50     85.05     86.26       107
       影像检查      78.49     85.88     82.02        85
      实验室检验      64.77     68.68     66.67       182

avg / total      80.18     80.16     80.15      1996

2025-02-02 23:20:31,053:INFO: - 找到新的最佳F1分数
2025-02-02 23:20:31,053:INFO: Epoch 27/30
2025-02-02 23:22:08,388:INFO: - Val metrics: loss: 00.56; f1: 80.52; acc: 00.98
2025-02-02 23:22:08,503:INFO:              precision    recall  f1-score   support

       解剖部位      82.93     83.72     83.32       946
         药物      81.97     84.89     83.41       225
      疾病和诊断      77.08     76.05     76.56       451
         手术      84.76     83.18     83.96       107
       影像检查      79.57     87.06     83.15        85
      实验室检验      67.19     70.88     68.98       182

avg / total      80.02     81.06     80.52      1996

2025-02-02 23:22:12,267:INFO: - 找到新的最佳F1分数
2025-02-02 23:22:12,267:INFO: Epoch 28/30
2025-02-02 23:23:54,732:INFO: - Val metrics: loss: 00.55; f1: 80.37; acc: 00.98
2025-02-02 23:23:54,862:INFO:              precision    recall  f1-score   support

       解剖部位      82.54     83.93     83.23       946
         药物      81.47     84.00     82.71       225
      疾病和诊断      77.20     75.83     76.51       451
         手术      83.18     83.18     83.18       107
       影像检查      79.57     87.06     83.15        85
      实验室检验      67.54     70.88     69.17       182

avg / total      79.75     81.01     80.36      1996

2025-02-02 23:23:57,094:INFO: Epoch 29/30
2025-02-02 23:25:37,299:INFO: - Val metrics: loss: 00.55; f1: 80.30; acc: 00.98
2025-02-02 23:25:37,427:INFO:              precision    recall  f1-score   support

       解剖部位      82.93     83.72     83.32       946
         药物      81.47     84.00     82.71       225
      疾病和诊断      77.32     75.61     76.46       451
         手术      83.02     82.24     82.63       107
       影像检查      79.57     87.06     83.15        85
      实验室检验      66.67     70.33     68.45       182

avg / total      79.88     80.76     80.30      1996

2025-02-02 23:25:40,081:INFO: Epoch 30/30
2025-02-02 23:27:21,624:INFO: - Val metrics: loss: 00.54; f1: 80.30; acc: 00.98
2025-02-02 23:27:21,751:INFO:              precision    recall  f1-score   support

       解剖部位      82.93     83.72     83.32       946
         药物      81.47     84.00     82.71       225
      疾病和诊断      77.55     75.83     76.68       451
         手术      82.08     81.31     81.69       107
       影像检查      79.57     87.06     83.15        85
      实验室检验      66.67     70.33     68.45       182

avg / total      79.88     80.76     80.30      1996

2025-02-02 23:27:24,187:INFO: 最佳验证F1分数: 80.52
2025-02-02 23:46:02,859:INFO: Model type: 'NEZHA-MRC'
2025-02-02 23:46:02,859:INFO: device: cuda
2025-02-02 23:46:02,859:INFO: Init pre-train model...
2025-02-02 23:46:04,850:INFO: -done
2025-02-02 23:46:04,850:INFO: Starting training for 30 epoch(s)
2025-02-02 23:46:08,211:INFO: Epoch 1/30
2025-02-02 23:48:37,238:INFO: - Val metrics: loss: 05.31; f1: 01.09; acc: 00.95
2025-02-02 23:48:37,428:INFO:              precision    recall  f1-score   support

       解剖部位      68.75      1.16      2.29       946
      实验室检验       0.00      0.00      0.00       182
         药物       0.00      0.00      0.00       225
      疾病和诊断       0.00      0.00      0.00       451
       影像检查       0.00      0.00      0.00        85
         手术       0.00      0.00      0.00       107

avg / total      32.58      0.55      1.08      1996

2025-02-02 23:48:41,827:INFO: - 找到新的最佳F1分数
2025-02-02 23:48:41,828:INFO: Epoch 2/30
2025-02-02 23:50:43,789:INFO: - Val metrics: loss: 04.21; f1: 23.31; acc: 00.94
2025-02-02 23:50:43,908:INFO:              precision    recall  f1-score   support

       解剖部位      42.33     32.98     37.08       946
      实验室检验       0.00      0.00      0.00       182
         药物      28.30      6.67     10.79       225
      疾病和诊断       0.00      0.00      0.00       451
       影像检查       0.00      0.00      0.00        85
         手术       0.00      0.00      0.00       107

avg / total      23.25     16.38     18.79      1996

2025-02-02 23:50:47,842:INFO: - 找到新的最佳F1分数
2025-02-02 23:50:47,842:INFO: Epoch 3/30
2025-02-02 23:52:51,924:INFO: - Val metrics: loss: 03.42; f1: 28.68; acc: 00.94
2025-02-02 23:52:52,052:INFO:              precision    recall  f1-score   support

       解剖部位      43.42     39.43     41.33       946
      实验室检验       0.00      0.00      0.00       182
         药物      51.43     24.00     32.73       225
      疾病和诊断      11.11      0.67      1.26       451
       影像检查       0.00      0.00      0.00        85
         手术       0.00      0.00      0.00       107

avg / total      28.89     21.54     23.56      1996

2025-02-02 23:52:56,256:INFO: - 找到新的最佳F1分数
2025-02-02 23:52:56,256:INFO: Epoch 4/30
2025-02-02 23:55:03,935:INFO: - Val metrics: loss: 01.96; f1: 46.42; acc: 00.95
2025-02-02 23:55:04,065:INFO:              precision    recall  f1-score   support

       解剖部位      61.97     50.63     55.73       946
      实验室检验      36.26     18.13     24.18       182
         药物      80.89     56.44     66.49       225
      疾病和诊断      41.26     18.85     25.88       451
       影像检查      74.42     37.65     50.00        85
         手术      35.29      5.61      9.68       107

avg / total      56.18     38.18     44.61      1996

2025-02-02 23:55:07,547:INFO: - 找到新的最佳F1分数
2025-02-02 23:55:07,547:INFO: Epoch 5/30
2025-02-02 23:57:15,784:INFO: - Val metrics: loss: 01.43; f1: 61.28; acc: 00.97
2025-02-02 23:57:15,901:INFO:              precision    recall  f1-score   support

       解剖部位      69.84     65.86     67.79       946
      实验室检验      38.64     37.36     37.99       182
         药物      81.67     65.33     72.59       225
      疾病和诊断      64.53     42.35     51.14       451
       影像检查      61.26     80.00     69.39        85
         手术      66.67     37.38     47.90       107

avg / total      66.59     56.96     60.85      1996

2025-02-02 23:57:19,005:INFO: - 找到新的最佳F1分数
2025-02-02 23:57:19,005:INFO: Epoch 6/30
2025-02-02 23:59:24,232:INFO: - Val metrics: loss: 00.98; f1: 69.78; acc: 00.97
2025-02-02 23:59:24,366:INFO:              precision    recall  f1-score   support

       解剖部位      76.11     70.72     73.32       946
      实验室检验      47.42     50.55     48.94       182
         药物      83.41     76.00     79.53       225
      疾病和诊断      69.73     62.31     65.81       451
       影像检查      70.71     82.35     76.09        85
         手术      69.70     64.49     66.99       107

avg / total      72.30     67.74     69.88      1996

2025-02-02 23:59:28,442:INFO: - 找到新的最佳F1分数
2025-02-02 23:59:28,442:INFO: Epoch 7/30
2025-02-03 00:01:34,005:INFO: - Val metrics: loss: 00.82; f1: 72.91; acc: 00.97
2025-02-03 00:01:34,128:INFO:              precision    recall  f1-score   support

       解剖部位      75.79     78.75     77.24       946
      实验室检验      47.45     51.10     49.21       182
         药物      75.78     75.11     75.45       225
      疾病和诊断      75.30     68.96     71.99       451
       影像检查      67.62     83.53     74.74        85
         手术      79.78     66.36     72.45       107

avg / total      72.96     73.15     72.93      1996

2025-02-03 00:01:37,891:INFO: - 找到新的最佳F1分数
2025-02-03 00:01:37,891:INFO: Epoch 8/30
2025-02-03 00:03:38,457:INFO: - Val metrics: loss: 00.84; f1: 74.91; acc: 00.98
2025-02-03 00:03:38,593:INFO:              precision    recall  f1-score   support

       解剖部位      76.89     78.44     77.66       946
      实验室检验      58.13     64.84     61.30       182
         药物      80.37     78.22     79.28       225
      疾病和诊断      76.21     69.62     72.77       451
       影像检查      67.92     84.71     75.39        85
         手术      76.24     71.96     74.04       107

avg / total      75.00     75.10     74.95      1996

2025-02-03 00:03:42,035:INFO: - 找到新的最佳F1分数
2025-02-03 00:03:42,035:INFO: Epoch 9/30
2025-02-03 00:05:38,190:INFO: - Val metrics: loss: 00.74; f1: 76.83; acc: 00.98
2025-02-03 00:05:38,322:INFO:              precision    recall  f1-score   support

       解剖部位      81.26     79.28     80.26       946
      实验室检验      58.00     63.74     60.73       182
         药物      77.92     80.00     78.95       225
      疾病和诊断      75.64     71.62     73.58       451
       影像检查      79.57     87.06     83.15        85
         手术      82.00     76.64     79.23       107

avg / total      77.46     76.40     76.89      1996

2025-02-03 00:05:41,911:INFO: - 找到新的最佳F1分数
2025-02-03 00:05:41,911:INFO: Epoch 10/30
2025-02-03 00:07:46,064:INFO: - Val metrics: loss: 00.63; f1: 77.28; acc: 00.98
2025-02-03 00:07:46,199:INFO:              precision    recall  f1-score   support

       解剖部位      80.55     77.91     79.20       946
      实验室检验      60.44     60.44     60.44       182
         药物      81.36     79.56     80.45       225
      疾病和诊断      83.99     70.95     76.92       451
       影像检查      80.22     85.88     82.95        85
         手术      85.87     73.83     79.40       107

avg / total      79.85     75.05     77.29      1996

2025-02-03 00:07:49,902:INFO: - 找到新的最佳F1分数
2025-02-03 00:07:49,902:INFO: Epoch 11/30
2025-02-03 00:09:54,104:INFO: - Val metrics: loss: 00.60; f1: 77.87; acc: 00.98
2025-02-03 00:09:54,224:INFO:              precision    recall  f1-score   support

       解剖部位      80.29     80.97     80.63       946
      实验室检验      62.36     60.99     61.67       182
         药物      83.64     81.78     82.70       225
      疾病和诊断      78.97     68.29     73.25       451
       影像检查      83.15     87.06     85.06        85
         手术      86.00     80.37     83.09       107

avg / total      79.16     76.60     77.79      1996

2025-02-03 00:09:58,254:INFO: - 找到新的最佳F1分数
2025-02-03 00:09:58,254:INFO: Epoch 12/30
2025-02-03 00:12:14,207:INFO: - Val metrics: loss: 00.53; f1: 78.49; acc: 00.98
2025-02-03 00:12:14,330:INFO:              precision    recall  f1-score   support

       解剖部位      80.17     80.76     80.46       946
      实验室检验      62.63     65.38     63.98       182
         药物      82.73     80.89     81.80       225
      疾病和诊断      77.55     75.83     76.68       451
       影像检查      79.79     88.24     83.80        85
         手术      81.65     83.18     82.41       107

avg / total      78.33     78.71     78.50      1996

2025-02-03 00:12:18,062:INFO: - 找到新的最佳F1分数
2025-02-03 00:12:18,062:INFO: Epoch 13/30
2025-02-03 00:14:26,616:INFO: - Val metrics: loss: 00.53; f1: 77.89; acc: 00.98
2025-02-03 00:14:26,735:INFO:              precision    recall  f1-score   support

       解剖部位      79.47     78.54     79.00       946
      实验室检验      62.24     67.03     64.55       182
         药物      79.74     82.22     80.96       225
      疾病和诊断      79.44     75.39     77.36       451
       影像检查      77.55     89.41     83.06        85
         手术      82.41     83.18     82.79       107

avg / total      78.00     77.91     77.91      1996

2025-02-03 00:14:29,142:INFO: Epoch 14/30
2025-02-03 00:16:37,650:INFO: - Val metrics: loss: 00.58; f1: 78.94; acc: 00.98
2025-02-03 00:16:37,849:INFO:              precision    recall  f1-score   support

       解剖部位      77.64     83.30     80.37       946
      实验室检验      60.10     67.03     63.38       182
         药物      78.35     80.44     79.39       225
      疾病和诊断      80.64     78.49     79.55       451
       影像检查      84.95     92.94     88.76        85
         手术      82.24     82.24     82.24       107

avg / total      77.35     80.76     78.98      1996

2025-02-03 00:16:41,961:INFO: - 找到新的最佳F1分数
2025-02-03 00:16:41,961:INFO: Epoch 15/30
2025-02-03 00:18:45,064:INFO: - Val metrics: loss: 00.52; f1: 79.40; acc: 00.98
2025-02-03 00:18:45,199:INFO:              precision    recall  f1-score   support

       解剖部位      80.85     82.56     81.69       946
      实验室检验      59.00     64.84     61.78       182
         药物      82.82     83.56     83.19       225
      疾病和诊断      78.52     75.39     76.92       451
       影像检查      80.00     94.12     86.49        85
         手术      86.11     86.92     86.51       107

avg / total      78.80     80.16     79.43      1996

2025-02-03 00:18:48,485:INFO: - 找到新的最佳F1分数
2025-02-03 00:18:48,485:INFO: Epoch 16/30
2025-02-03 00:20:56,081:INFO: - Val metrics: loss: 00.52; f1: 80.43; acc: 00.98
2025-02-03 00:20:56,213:INFO:              precision    recall  f1-score   support

       解剖部位      82.53     82.88     82.70       946
      实验室检验      62.89     67.03     64.89       182
         药物      80.59     84.89     82.68       225
      疾病和诊断      79.68     77.38     78.52       451
       影像检查      82.11     91.76     86.67        85
         手术      83.78     86.92     85.32       107

avg / total      79.92     81.01     80.44      1996

2025-02-03 00:21:00,080:INFO: - 找到新的最佳F1分数
2025-02-03 00:21:00,080:INFO: Epoch 17/30
2025-02-03 00:23:10,003:INFO: - Val metrics: loss: 00.49; f1: 79.48; acc: 00.98
2025-02-03 00:23:10,131:INFO:              precision    recall  f1-score   support

       解剖部位      82.56     82.56     82.56       946
      实验室检验      64.13     64.84     64.48       182
         药物      79.49     82.67     81.05       225
      疾病和诊断      77.64     71.62     74.51       451
       影像检查      81.82     95.29     88.04        85
         手术      87.74     86.92     87.32       107

avg / total      79.67     79.26     79.41      1996

2025-02-03 00:23:12,115:INFO: Epoch 18/30
2025-02-03 00:25:24,531:INFO: - Val metrics: loss: 00.45; f1: 81.03; acc: 00.98
2025-02-03 00:25:24,648:INFO:              precision    recall  f1-score   support

       解剖部位      83.84     82.24     83.03       946
      实验室检验      67.80     65.93     66.85       182
         药物      88.46     81.78     84.99       225
      疾病和诊断      81.71     74.28     77.82       451
       影像检查      90.24     87.06     88.62        85
         手术      86.79     85.98     86.38       107

avg / total      82.85     79.31     81.02      1996

2025-02-03 00:25:28,223:INFO: - 找到新的最佳F1分数
2025-02-03 00:25:28,223:INFO: Epoch 19/30
2025-02-03 00:27:46,064:INFO: - Val metrics: loss: 00.50; f1: 80.25; acc: 00.98
2025-02-03 00:27:46,189:INFO:              precision    recall  f1-score   support

       解剖部位      82.30     82.56     82.43       946
      实验室检验      60.70     67.03     63.71       182
         药物      82.97     84.44     83.70       225
      疾病和诊断      78.10     78.27     78.18       451
       影像检查      77.45     92.94     84.49        85
         手术      88.68     87.85     88.26       107

avg / total      79.59     81.11     80.31      1996

2025-02-03 00:27:48,198:INFO: Epoch 20/30
2025-02-03 00:30:02,012:INFO: - Val metrics: loss: 00.48; f1: 80.55; acc: 00.98
2025-02-03 00:30:02,140:INFO:              precision    recall  f1-score   support

       解剖部位      83.14     82.35     82.74       946
      实验室检验      64.86     65.93     65.40       182
         药物      82.89     84.00     83.44       225
      疾病和诊断      80.53     74.28     77.28       451
       影像检查      88.51     90.59     89.53        85
         手术      88.46     85.98     87.20       107

avg / total      81.37     79.76     80.53      1996

2025-02-03 00:30:04,585:INFO: Epoch 21/30
2025-02-03 00:32:11,811:INFO: - Val metrics: loss: 00.52; f1: 80.41; acc: 00.98
2025-02-03 00:32:11,937:INFO:              precision    recall  f1-score   support

       解剖部位      83.32     82.35     82.83       946
      实验室检验      61.19     67.58     64.23       182
         药物      81.82     84.00     82.89       225
      疾病和诊断      78.13     76.05     77.08       451
       影像检查      89.77     92.94     91.33        85
         手术      87.85     87.85     87.85       107

avg / total      80.48     80.51     80.47      1996

2025-02-03 00:32:13,882:INFO: Epoch 22/30
2025-02-03 00:34:18,058:INFO: - Val metrics: loss: 00.44; f1: 80.33; acc: 00.98
2025-02-03 00:34:18,183:INFO:              precision    recall  f1-score   support

       解剖部位      82.93     82.66     82.80       946
      实验室检验      64.64     64.29     64.46       182
         药物      84.38     84.00     84.19       225
      疾病和诊断      78.57     75.61     77.06       451
       影像检查      81.05     90.59     85.56        85
         手术      86.11     86.92     86.51       107

avg / total      80.53     80.11     80.30      1996

2025-02-03 00:34:20,753:INFO: 最佳验证F1分数: 81.03
